file /home/tsa/LSSTDevel/Linux64/sconsUtils/3.3/python/lsst/SConsUtils.py,line 378:
	Configure(confdir = .sconf_temp)
scons: Configure: Checking if  CC is really gcc...
gcc --help | grep gcc
Usage: gcc [options] file...
  -print-libgcc-file-name  Display the name of the compiler's companion library
  -print-multi-directory   Display the root directory for versions of libgcc
  -b <machine>             Run gcc for target <machine>, if installed
  -V <version>             Run gcc version number <version>, if installed
 passed on to the various sub-processes invoked by gcc.  In order to pass
<file:///usr/share/doc/gcc-4.3/README.Bugs>.
scons: Configure: yes


file /home/tsa/LSSTDevel/Linux64/sconsUtils/3.3/python/lsst/SConsUtils.py,line 405:
	Configure(confdir = .sconf_temp)
scons: Configure: Checking for C++ header file tr1/unordered_map... 
.sconf_temp/conftest_1.cpp <-
  |
  |#include <tr1/unordered_map>
  |
  |
g++ -o .sconf_temp/conftest_1.o -c -g -Wall -O0 .sconf_temp/conftest_1.cpp
scons: Configure: yes


file /home/tsa/LSSTDevel/Linux64/sconsUtils/3.3/python/lsst/SConsUtils.py,line 697:
	Configure(confdir = .sconf_temp)
scons: Configure: Checking for C++ header file boost/version.hpp... 
.sconf_temp/conftest_2.cpp <-
  |
  |#include <boost/version.hpp>
  |
  |
g++ -o .sconf_temp/conftest_2.o -c -g -Wall -O0 -DLSST_HAVE_TR1=1 -DLSST_LITTLE_ENDIAN=1 -I/home/tsa/LSSTDevel/Linux64/external/boost/1.37.0/include .sconf_temp/conftest_2.cpp
scons: Configure: yes


file /home/tsa/LSSTDevel/Linux64/sconsUtils/3.3/python/lsst/SConsUtils.py,line 484:
	Configure(confdir = .sconf_temp)
scons: Configure: Checking for C++ library boost_system-gcc43-mt... 
.sconf_temp/conftest_3.cpp <-
  |
  |
  |
  |int
  |main() {
  |  
  |return 0;
  |}
  |
g++ -o .sconf_temp/conftest_3.o -c -g -Wall -O0 -DLSST_HAVE_TR1=1 -DLSST_LITTLE_ENDIAN=1 -I/home/tsa/LSSTDevel/Linux64/external/boost/1.37.0/include .sconf_temp/conftest_3.cpp
g++ -o .sconf_temp/conftest_3 -Wl,-rpath-link -Wl,/home/tsa/LSSTDevel/Linux64/external/python/2.5.2/lib:/home/tsa/LSSTDevel/Linux64/afw/3.3.16/lib:/usr/local/lib:/usr/local/cuda/lib:/home/tsa/LSSTDevel/Linux64/daf_base/3.2.9/lib:/home/tsa/LSSTDevel/Linux64/external/mysqlclient/5.0.45+1/lib:/home/tsa/LSSTDevel/Linux64/pex_logging/3.3.4/lib:/home/tsa/LSSTDevel/Linux64/pex_policy/3.3.5/lib:/home/tsa/LSSTDevel/Linux64/daf_persistence/3.3.7/lib:/home/tsa/LSSTDevel/Linux64/security/3.2.2/lib:/home/tsa/LSSTDevel/Linux64/daf_data/3.2.3/lib:/home/tsa/LSSTDevel/Linux64/external/cfitsio/3006.2/lib:/home/tsa/LSSTDevel/Linux64/external/wcslib/4.2+3/lib:/home/tsa/LSSTDevel/Linux64/external/xpa/2.1.7b2/lib:/home/tsa/LSSTDevel/Linux64/external/minuit/1.7.9/lib:/home/tsa/LSSTDevel/Linux64/external/gsl/1.8/lib:/home/tsa/LSSTDevel/Linux64/external/tcltk/8.5a4/lib:/home/tsa/LSSTDevel/Linux64/external/mpich2/1.0.5p4/lib:/home/tsa/LSSTDevel/Linux64/external/boost/1.37.0/lib:/home/tsa/LSSTDevel/Linux64/pex_exceptions/3.2.2/lib:/home/tsa/LSST_svn/DMS/utils/trunk/lib:/home/tsa/LSSTDevel/Linux64/sdqa/3.0.3/lib:/home/tsa/LSSTDevel/Linux64/meas_algorithms/3.0.9/lib .sconf_temp/conftest_3.o -L/home/tsa/LSSTDevel/Linux64/external/boost/1.37.0/lib -lboost_system-gcc43-mt
scons: Configure: yes


file /home/tsa/LSSTDevel/Linux64/sconsUtils/3.3/python/lsst/SConsUtils.py,line 697:
	Configure(confdir = .sconf_temp)
scons: Configure: Checking for C++ header file boost/version.hpp... 
.sconf_temp/conftest_4.cpp <-
  |
  |#include <boost/version.hpp>
  |
  |
g++ -o .sconf_temp/conftest_4.o -c -g -Wall -O0 -DLSST_HAVE_TR1=1 -DLSST_LITTLE_ENDIAN=1 -I/home/tsa/LSSTDevel/Linux64/external/boost/1.37.0/include -I/home/tsa/LSSTDevel/Linux64/external/boost/1.37.0/include .sconf_temp/conftest_4.cpp
scons: Configure: yes


file /home/tsa/LSSTDevel/Linux64/sconsUtils/3.3/python/lsst/SConsUtils.py,line 484:
	Configure(confdir = .sconf_temp)
scons: Configure: Checking for C++ library boost_filesystem-gcc43-mt... 
.sconf_temp/conftest_5.cpp <-
  |
  |
  |
  |int
  |main() {
  |  
  |return 0;
  |}
  |
g++ -o .sconf_temp/conftest_5.o -c -g -Wall -O0 -DLSST_HAVE_TR1=1 -DLSST_LITTLE_ENDIAN=1 -I/home/tsa/LSSTDevel/Linux64/external/boost/1.37.0/include .sconf_temp/conftest_5.cpp
g++ -o .sconf_temp/conftest_5 -Wl,-rpath-link -Wl,/home/tsa/LSSTDevel/Linux64/external/python/2.5.2/lib:/home/tsa/LSSTDevel/Linux64/afw/3.3.16/lib:/usr/local/lib:/usr/local/cuda/lib:/home/tsa/LSSTDevel/Linux64/daf_base/3.2.9/lib:/home/tsa/LSSTDevel/Linux64/external/mysqlclient/5.0.45+1/lib:/home/tsa/LSSTDevel/Linux64/pex_logging/3.3.4/lib:/home/tsa/LSSTDevel/Linux64/pex_policy/3.3.5/lib:/home/tsa/LSSTDevel/Linux64/daf_persistence/3.3.7/lib:/home/tsa/LSSTDevel/Linux64/security/3.2.2/lib:/home/tsa/LSSTDevel/Linux64/daf_data/3.2.3/lib:/home/tsa/LSSTDevel/Linux64/external/cfitsio/3006.2/lib:/home/tsa/LSSTDevel/Linux64/external/wcslib/4.2+3/lib:/home/tsa/LSSTDevel/Linux64/external/xpa/2.1.7b2/lib:/home/tsa/LSSTDevel/Linux64/external/minuit/1.7.9/lib:/home/tsa/LSSTDevel/Linux64/external/gsl/1.8/lib:/home/tsa/LSSTDevel/Linux64/external/tcltk/8.5a4/lib:/home/tsa/LSSTDevel/Linux64/external/mpich2/1.0.5p4/lib:/home/tsa/LSSTDevel/Linux64/external/boost/1.37.0/lib:/home/tsa/LSSTDevel/Linux64/pex_exceptions/3.2.2/lib:/home/tsa/LSST_svn/DMS/utils/trunk/lib:/home/tsa/LSSTDevel/Linux64/sdqa/3.0.3/lib:/home/tsa/LSSTDevel/Linux64/meas_algorithms/3.0.9/lib .sconf_temp/conftest_5.o -L/home/tsa/LSSTDevel/Linux64/external/boost/1.37.0/lib -L/home/tsa/LSSTDevel/Linux64/external/boost/1.37.0/lib -lboost_filesystem-gcc43-mt
scons: Configure: yes


file /home/tsa/LSSTDevel/Linux64/sconsUtils/3.3/python/lsst/SConsUtils.py,line 697:
	Configure(confdir = .sconf_temp)
scons: Configure: Checking for C++ header file boost/regex.hpp... 
.sconf_temp/conftest_6.cpp <-
  |
  |#include <boost/regex.hpp>
  |
  |
g++ -o .sconf_temp/conftest_6.o -c -g -Wall -O0 -DLSST_HAVE_TR1=1 -DLSST_LITTLE_ENDIAN=1 -I/home/tsa/LSSTDevel/Linux64/external/boost/1.37.0/include -I/home/tsa/LSSTDevel/Linux64/external/boost/1.37.0/include .sconf_temp/conftest_6.cpp
scons: Configure: yes


file /home/tsa/LSSTDevel/Linux64/sconsUtils/3.3/python/lsst/SConsUtils.py,line 484:
	Configure(confdir = .sconf_temp)
scons: Configure: Checking for C++ library boost_regex-gcc43-mt... 
.sconf_temp/conftest_7.cpp <-
  |
  |
  |
  |int
  |main() {
  |  
  |return 0;
  |}
  |
g++ -o .sconf_temp/conftest_7.o -c -g -Wall -O0 -DLSST_HAVE_TR1=1 -DLSST_LITTLE_ENDIAN=1 -I/home/tsa/LSSTDevel/Linux64/external/boost/1.37.0/include .sconf_temp/conftest_7.cpp
g++ -o .sconf_temp/conftest_7 -Wl,-rpath-link -Wl,/home/tsa/LSSTDevel/Linux64/external/python/2.5.2/lib:/home/tsa/LSSTDevel/Linux64/afw/3.3.16/lib:/usr/local/lib:/usr/local/cuda/lib:/home/tsa/LSSTDevel/Linux64/daf_base/3.2.9/lib:/home/tsa/LSSTDevel/Linux64/external/mysqlclient/5.0.45+1/lib:/home/tsa/LSSTDevel/Linux64/pex_logging/3.3.4/lib:/home/tsa/LSSTDevel/Linux64/pex_policy/3.3.5/lib:/home/tsa/LSSTDevel/Linux64/daf_persistence/3.3.7/lib:/home/tsa/LSSTDevel/Linux64/security/3.2.2/lib:/home/tsa/LSSTDevel/Linux64/daf_data/3.2.3/lib:/home/tsa/LSSTDevel/Linux64/external/cfitsio/3006.2/lib:/home/tsa/LSSTDevel/Linux64/external/wcslib/4.2+3/lib:/home/tsa/LSSTDevel/Linux64/external/xpa/2.1.7b2/lib:/home/tsa/LSSTDevel/Linux64/external/minuit/1.7.9/lib:/home/tsa/LSSTDevel/Linux64/external/gsl/1.8/lib:/home/tsa/LSSTDevel/Linux64/external/tcltk/8.5a4/lib:/home/tsa/LSSTDevel/Linux64/external/mpich2/1.0.5p4/lib:/home/tsa/LSSTDevel/Linux64/external/boost/1.37.0/lib:/home/tsa/LSSTDevel/Linux64/pex_exceptions/3.2.2/lib:/home/tsa/LSST_svn/DMS/utils/trunk/lib:/home/tsa/LSSTDevel/Linux64/sdqa/3.0.3/lib:/home/tsa/LSSTDevel/Linux64/meas_algorithms/3.0.9/lib .sconf_temp/conftest_7.o -L/home/tsa/LSSTDevel/Linux64/external/boost/1.37.0/lib -L/home/tsa/LSSTDevel/Linux64/external/boost/1.37.0/lib -lboost_regex-gcc43-mt
scons: Configure: yes


file /home/tsa/LSSTDevel/Linux64/sconsUtils/3.3/python/lsst/SConsUtils.py,line 697:
	Configure(confdir = .sconf_temp)
scons: Configure: Checking for C++ header file boost/serialization/base_object.hpp... 
.sconf_temp/conftest_8.cpp <-
  |
  |#include <boost/serialization/base_object.hpp>
  |
  |
g++ -o .sconf_temp/conftest_8.o -c -g -Wall -O0 -DLSST_HAVE_TR1=1 -DLSST_LITTLE_ENDIAN=1 -I/home/tsa/LSSTDevel/Linux64/external/boost/1.37.0/include -I/home/tsa/LSSTDevel/Linux64/external/boost/1.37.0/include .sconf_temp/conftest_8.cpp
scons: Configure: yes


file /home/tsa/LSSTDevel/Linux64/sconsUtils/3.3/python/lsst/SConsUtils.py,line 484:
	Configure(confdir = .sconf_temp)
scons: Configure: Checking for C++ library boost_serialization-gcc43-mt... 
.sconf_temp/conftest_9.cpp <-
  |
  |
  |
  |int
  |main() {
  |  
  |return 0;
  |}
  |
g++ -o .sconf_temp/conftest_9.o -c -g -Wall -O0 -DLSST_HAVE_TR1=1 -DLSST_LITTLE_ENDIAN=1 -I/home/tsa/LSSTDevel/Linux64/external/boost/1.37.0/include .sconf_temp/conftest_9.cpp
g++ -o .sconf_temp/conftest_9 -Wl,-rpath-link -Wl,/home/tsa/LSSTDevel/Linux64/external/python/2.5.2/lib:/home/tsa/LSSTDevel/Linux64/afw/3.3.16/lib:/usr/local/lib:/usr/local/cuda/lib:/home/tsa/LSSTDevel/Linux64/daf_base/3.2.9/lib:/home/tsa/LSSTDevel/Linux64/external/mysqlclient/5.0.45+1/lib:/home/tsa/LSSTDevel/Linux64/pex_logging/3.3.4/lib:/home/tsa/LSSTDevel/Linux64/pex_policy/3.3.5/lib:/home/tsa/LSSTDevel/Linux64/daf_persistence/3.3.7/lib:/home/tsa/LSSTDevel/Linux64/security/3.2.2/lib:/home/tsa/LSSTDevel/Linux64/daf_data/3.2.3/lib:/home/tsa/LSSTDevel/Linux64/external/cfitsio/3006.2/lib:/home/tsa/LSSTDevel/Linux64/external/wcslib/4.2+3/lib:/home/tsa/LSSTDevel/Linux64/external/xpa/2.1.7b2/lib:/home/tsa/LSSTDevel/Linux64/external/minuit/1.7.9/lib:/home/tsa/LSSTDevel/Linux64/external/gsl/1.8/lib:/home/tsa/LSSTDevel/Linux64/external/tcltk/8.5a4/lib:/home/tsa/LSSTDevel/Linux64/external/mpich2/1.0.5p4/lib:/home/tsa/LSSTDevel/Linux64/external/boost/1.37.0/lib:/home/tsa/LSSTDevel/Linux64/pex_exceptions/3.2.2/lib:/home/tsa/LSST_svn/DMS/utils/trunk/lib:/home/tsa/LSSTDevel/Linux64/sdqa/3.0.3/lib:/home/tsa/LSSTDevel/Linux64/meas_algorithms/3.0.9/lib .sconf_temp/conftest_9.o -L/home/tsa/LSSTDevel/Linux64/external/boost/1.37.0/lib -L/home/tsa/LSSTDevel/Linux64/external/boost/1.37.0/lib -lboost_serialization-gcc43-mt
scons: Configure: yes


file /home/tsa/LSSTDevel/Linux64/sconsUtils/3.3/python/lsst/SConsUtils.py,line 697:
	Configure(confdir = .sconf_temp)
scons: Configure: Checking for C++ header file Python.h... 
.sconf_temp/conftest_10.cpp <-
  |
  |#include <Python.h>
  |
  |
g++ -o .sconf_temp/conftest_10.o -c -g -Wall -O0 -DLSST_HAVE_TR1=1 -DLSST_LITTLE_ENDIAN=1 -I/home/tsa/LSSTDevel/Linux64/external/boost/1.37.0/include -I/home/tsa/LSSTDevel/Linux64/external/python/2.5.2/include/python2.5 -I/home/tsa/LSSTDevel/Linux64/external/python/2.5.2/include .sconf_temp/conftest_10.cpp
scons: Configure: yes


file /home/tsa/LSSTDevel/Linux64/sconsUtils/3.3/python/lsst/SConsUtils.py,line 528:
	Configure(confdir = .sconf_temp)
scons: Configure: Checking for sqrt() in C library m... 
.sconf_temp/conftest_11.c <-
  |
  |
  |
  |#ifdef __cplusplus
  |extern "C"
  |#endif
  |char sqrt();
  |
  |int
  |main() {
  |  sqrt();
  |return 0;
  |}
  |
gcc -o .sconf_temp/conftest_11.o -c -g -Wall -O0 -DLSST_HAVE_TR1=1 -DLSST_LITTLE_ENDIAN=1 -I/home/tsa/LSSTDevel/Linux64/external/boost/1.37.0/include -I/home/tsa/LSSTDevel/Linux64/external/python/2.5.2/include/python2.5 -I/home/tsa/LSSTDevel/Linux64/external/python/2.5.2/include .sconf_temp/conftest_11.c
.sconf_temp/conftest_11.c:7: warning: conflicting types for built-in function 'sqrt'
gcc -o .sconf_temp/conftest_11 -Wl,-rpath-link -Wl,/home/tsa/LSSTDevel/Linux64/external/python/2.5.2/lib:/home/tsa/LSSTDevel/Linux64/afw/3.3.16/lib:/usr/local/lib:/usr/local/cuda/lib:/home/tsa/LSSTDevel/Linux64/daf_base/3.2.9/lib:/home/tsa/LSSTDevel/Linux64/external/mysqlclient/5.0.45+1/lib:/home/tsa/LSSTDevel/Linux64/pex_logging/3.3.4/lib:/home/tsa/LSSTDevel/Linux64/pex_policy/3.3.5/lib:/home/tsa/LSSTDevel/Linux64/daf_persistence/3.3.7/lib:/home/tsa/LSSTDevel/Linux64/security/3.2.2/lib:/home/tsa/LSSTDevel/Linux64/daf_data/3.2.3/lib:/home/tsa/LSSTDevel/Linux64/external/cfitsio/3006.2/lib:/home/tsa/LSSTDevel/Linux64/external/wcslib/4.2+3/lib:/home/tsa/LSSTDevel/Linux64/external/xpa/2.1.7b2/lib:/home/tsa/LSSTDevel/Linux64/external/minuit/1.7.9/lib:/home/tsa/LSSTDevel/Linux64/external/gsl/1.8/lib:/home/tsa/LSSTDevel/Linux64/external/tcltk/8.5a4/lib:/home/tsa/LSSTDevel/Linux64/external/mpich2/1.0.5p4/lib:/home/tsa/LSSTDevel/Linux64/external/boost/1.37.0/lib:/home/tsa/LSSTDevel/Linux64/pex_exceptions/3.2.2/lib:/home/tsa/LSST_svn/DMS/utils/trunk/lib:/home/tsa/LSSTDevel/Linux64/sdqa/3.0.3/lib:/home/tsa/LSSTDevel/Linux64/meas_algorithms/3.0.9/lib .sconf_temp/conftest_11.o -L/home/tsa/LSSTDevel/Linux64/external/boost/1.37.0/lib -L/home/tsa/LSSTDevel/Linux64/external/python/2.5.2/lib/python2.5/config -L/home/tsa/LSSTDevel/Linux64/external/tcltk/8.5a4/lib -lm
scons: Configure: yes


file /home/tsa/LSSTDevel/Linux64/sconsUtils/3.3/python/lsst/SConsUtils.py,line 697:
	Configure(confdir = .sconf_temp)
scons: Configure: Checking for C++ header file fitsio.h... 
.sconf_temp/conftest_12.cpp <-
  |
  |#include <fitsio.h>
  |
  |
g++ -o .sconf_temp/conftest_12.o -c -g -Wall -O0 -DLSST_HAVE_TR1=1 -DLSST_LITTLE_ENDIAN=1 -I/home/tsa/LSSTDevel/Linux64/external/boost/1.37.0/include -I/home/tsa/LSSTDevel/Linux64/external/python/2.5.2/include/python2.5 -I/home/tsa/LSSTDevel/Linux64/external/python/2.5.2/include -I/home/tsa/LSSTDevel/Linux64/external/cfitsio/3006.2/include .sconf_temp/conftest_12.cpp
scons: Configure: yes


file /home/tsa/LSSTDevel/Linux64/sconsUtils/3.3/python/lsst/SConsUtils.py,line 484:
	Configure(confdir = .sconf_temp)
scons: Configure: Checking for ffopen() in C library cfitsio... 
.sconf_temp/conftest_13.c <-
  |
  |
  |
  |#ifdef __cplusplus
  |extern "C"
  |#endif
  |char ffopen();
  |
  |int
  |main() {
  |  ffopen();
  |return 0;
  |}
  |
gcc -o .sconf_temp/conftest_13.o -c -g -Wall -O0 -DLSST_HAVE_TR1=1 -DLSST_LITTLE_ENDIAN=1 -I/home/tsa/LSSTDevel/Linux64/external/boost/1.37.0/include -I/home/tsa/LSSTDevel/Linux64/external/python/2.5.2/include/python2.5 -I/home/tsa/LSSTDevel/Linux64/external/python/2.5.2/include -I/home/tsa/LSSTDevel/Linux64/external/cfitsio/3006.2/include .sconf_temp/conftest_13.c
gcc -o .sconf_temp/conftest_13 -Wl,-rpath-link -Wl,/home/tsa/LSSTDevel/Linux64/external/python/2.5.2/lib:/home/tsa/LSSTDevel/Linux64/afw/3.3.16/lib:/usr/local/lib:/usr/local/cuda/lib:/home/tsa/LSSTDevel/Linux64/daf_base/3.2.9/lib:/home/tsa/LSSTDevel/Linux64/external/mysqlclient/5.0.45+1/lib:/home/tsa/LSSTDevel/Linux64/pex_logging/3.3.4/lib:/home/tsa/LSSTDevel/Linux64/pex_policy/3.3.5/lib:/home/tsa/LSSTDevel/Linux64/daf_persistence/3.3.7/lib:/home/tsa/LSSTDevel/Linux64/security/3.2.2/lib:/home/tsa/LSSTDevel/Linux64/daf_data/3.2.3/lib:/home/tsa/LSSTDevel/Linux64/external/cfitsio/3006.2/lib:/home/tsa/LSSTDevel/Linux64/external/wcslib/4.2+3/lib:/home/tsa/LSSTDevel/Linux64/external/xpa/2.1.7b2/lib:/home/tsa/LSSTDevel/Linux64/external/minuit/1.7.9/lib:/home/tsa/LSSTDevel/Linux64/external/gsl/1.8/lib:/home/tsa/LSSTDevel/Linux64/external/tcltk/8.5a4/lib:/home/tsa/LSSTDevel/Linux64/external/mpich2/1.0.5p4/lib:/home/tsa/LSSTDevel/Linux64/external/boost/1.37.0/lib:/home/tsa/LSSTDevel/Linux64/pex_exceptions/3.2.2/lib:/home/tsa/LSST_svn/DMS/utils/trunk/lib:/home/tsa/LSSTDevel/Linux64/sdqa/3.0.3/lib:/home/tsa/LSSTDevel/Linux64/meas_algorithms/3.0.9/lib .sconf_temp/conftest_13.o -L/home/tsa/LSSTDevel/Linux64/external/boost/1.37.0/lib -L/home/tsa/LSSTDevel/Linux64/external/python/2.5.2/lib/python2.5/config -L/home/tsa/LSSTDevel/Linux64/external/tcltk/8.5a4/lib -L/home/tsa/LSSTDevel/Linux64/external/cfitsio/3006.2/lib -lm -lcfitsio
scons: Configure: yes


file /home/tsa/LSSTDevel/Linux64/sconsUtils/3.3/python/lsst/SConsUtils.py,line 697:
	Configure(confdir = .sconf_temp)
scons: Configure: Checking for C++ header file wcslib/wcs.h... 
.sconf_temp/conftest_14.cpp <-
  |
  |#include <wcslib/wcs.h>
  |
  |
g++ -o .sconf_temp/conftest_14.o -c -g -Wall -O0 -DLSST_HAVE_TR1=1 -DLSST_LITTLE_ENDIAN=1 -I/home/tsa/LSSTDevel/Linux64/external/boost/1.37.0/include -I/home/tsa/LSSTDevel/Linux64/external/python/2.5.2/include/python2.5 -I/home/tsa/LSSTDevel/Linux64/external/python/2.5.2/include -I/home/tsa/LSSTDevel/Linux64/external/cfitsio/3006.2/include -I/home/tsa/LSSTDevel/Linux64/external/wcslib/4.2+3/include .sconf_temp/conftest_14.cpp
scons: Configure: yes


file /home/tsa/LSSTDevel/Linux64/sconsUtils/3.3/python/lsst/SConsUtils.py,line 484:
	Configure(confdir = .sconf_temp)
scons: Configure: Checking for C library wcs... 
.sconf_temp/conftest_15.c <-
  |
  |
  |
  |int
  |main() {
  |  
  |return 0;
  |}
  |
gcc -o .sconf_temp/conftest_15.o -c -g -Wall -O0 -DLSST_HAVE_TR1=1 -DLSST_LITTLE_ENDIAN=1 -I/home/tsa/LSSTDevel/Linux64/external/boost/1.37.0/include -I/home/tsa/LSSTDevel/Linux64/external/python/2.5.2/include/python2.5 -I/home/tsa/LSSTDevel/Linux64/external/python/2.5.2/include -I/home/tsa/LSSTDevel/Linux64/external/cfitsio/3006.2/include -I/home/tsa/LSSTDevel/Linux64/external/wcslib/4.2+3/include .sconf_temp/conftest_15.c
gcc -o .sconf_temp/conftest_15 -Wl,-rpath-link -Wl,/home/tsa/LSSTDevel/Linux64/external/python/2.5.2/lib:/home/tsa/LSSTDevel/Linux64/afw/3.3.16/lib:/usr/local/lib:/usr/local/cuda/lib:/home/tsa/LSSTDevel/Linux64/daf_base/3.2.9/lib:/home/tsa/LSSTDevel/Linux64/external/mysqlclient/5.0.45+1/lib:/home/tsa/LSSTDevel/Linux64/pex_logging/3.3.4/lib:/home/tsa/LSSTDevel/Linux64/pex_policy/3.3.5/lib:/home/tsa/LSSTDevel/Linux64/daf_persistence/3.3.7/lib:/home/tsa/LSSTDevel/Linux64/security/3.2.2/lib:/home/tsa/LSSTDevel/Linux64/daf_data/3.2.3/lib:/home/tsa/LSSTDevel/Linux64/external/cfitsio/3006.2/lib:/home/tsa/LSSTDevel/Linux64/external/wcslib/4.2+3/lib:/home/tsa/LSSTDevel/Linux64/external/xpa/2.1.7b2/lib:/home/tsa/LSSTDevel/Linux64/external/minuit/1.7.9/lib:/home/tsa/LSSTDevel/Linux64/external/gsl/1.8/lib:/home/tsa/LSSTDevel/Linux64/external/tcltk/8.5a4/lib:/home/tsa/LSSTDevel/Linux64/external/mpich2/1.0.5p4/lib:/home/tsa/LSSTDevel/Linux64/external/boost/1.37.0/lib:/home/tsa/LSSTDevel/Linux64/pex_exceptions/3.2.2/lib:/home/tsa/LSST_svn/DMS/utils/trunk/lib:/home/tsa/LSSTDevel/Linux64/sdqa/3.0.3/lib:/home/tsa/LSSTDevel/Linux64/meas_algorithms/3.0.9/lib .sconf_temp/conftest_15.o -L/home/tsa/LSSTDevel/Linux64/external/boost/1.37.0/lib -L/home/tsa/LSSTDevel/Linux64/external/python/2.5.2/lib/python2.5/config -L/home/tsa/LSSTDevel/Linux64/external/tcltk/8.5a4/lib -L/home/tsa/LSSTDevel/Linux64/external/cfitsio/3006.2/lib -L/home/tsa/LSSTDevel/Linux64/external/wcslib/4.2+3/lib -lm -lwcs
scons: Configure: yes


file /home/tsa/LSSTDevel/Linux64/sconsUtils/3.3/python/lsst/SConsUtils.py,line 697:
	Configure(confdir = .sconf_temp)
scons: Configure: Checking for C++ header file xpa.h... 
.sconf_temp/conftest_16.cpp <-
  |
  |#include <xpa.h>
  |
  |
g++ -o .sconf_temp/conftest_16.o -c -g -Wall -O0 -DLSST_HAVE_TR1=1 -DLSST_LITTLE_ENDIAN=1 -I/home/tsa/LSSTDevel/Linux64/external/boost/1.37.0/include -I/home/tsa/LSSTDevel/Linux64/external/python/2.5.2/include/python2.5 -I/home/tsa/LSSTDevel/Linux64/external/python/2.5.2/include -I/home/tsa/LSSTDevel/Linux64/external/cfitsio/3006.2/include -I/home/tsa/LSSTDevel/Linux64/external/wcslib/4.2+3/include -I/home/tsa/LSSTDevel/Linux64/external/xpa/2.1.7b2/include .sconf_temp/conftest_16.cpp
scons: Configure: yes


file /home/tsa/LSSTDevel/Linux64/sconsUtils/3.3/python/lsst/SConsUtils.py,line 484:
	Configure(confdir = .sconf_temp)
scons: Configure: Checking for XPAPuts() in C library xpa... 
.sconf_temp/conftest_17.c <-
  |
  |
  |
  |#ifdef __cplusplus
  |extern "C"
  |#endif
  |char XPAPuts();
  |
  |int
  |main() {
  |  XPAPuts();
  |return 0;
  |}
  |
gcc -o .sconf_temp/conftest_17.o -c -g -Wall -O0 -DLSST_HAVE_TR1=1 -DLSST_LITTLE_ENDIAN=1 -I/home/tsa/LSSTDevel/Linux64/external/boost/1.37.0/include -I/home/tsa/LSSTDevel/Linux64/external/python/2.5.2/include/python2.5 -I/home/tsa/LSSTDevel/Linux64/external/python/2.5.2/include -I/home/tsa/LSSTDevel/Linux64/external/cfitsio/3006.2/include -I/home/tsa/LSSTDevel/Linux64/external/wcslib/4.2+3/include -I/home/tsa/LSSTDevel/Linux64/external/xpa/2.1.7b2/include .sconf_temp/conftest_17.c
gcc -o .sconf_temp/conftest_17 -Wl,-rpath-link -Wl,/home/tsa/LSSTDevel/Linux64/external/python/2.5.2/lib:/home/tsa/LSSTDevel/Linux64/afw/3.3.16/lib:/usr/local/lib:/usr/local/cuda/lib:/home/tsa/LSSTDevel/Linux64/daf_base/3.2.9/lib:/home/tsa/LSSTDevel/Linux64/external/mysqlclient/5.0.45+1/lib:/home/tsa/LSSTDevel/Linux64/pex_logging/3.3.4/lib:/home/tsa/LSSTDevel/Linux64/pex_policy/3.3.5/lib:/home/tsa/LSSTDevel/Linux64/daf_persistence/3.3.7/lib:/home/tsa/LSSTDevel/Linux64/security/3.2.2/lib:/home/tsa/LSSTDevel/Linux64/daf_data/3.2.3/lib:/home/tsa/LSSTDevel/Linux64/external/cfitsio/3006.2/lib:/home/tsa/LSSTDevel/Linux64/external/wcslib/4.2+3/lib:/home/tsa/LSSTDevel/Linux64/external/xpa/2.1.7b2/lib:/home/tsa/LSSTDevel/Linux64/external/minuit/1.7.9/lib:/home/tsa/LSSTDevel/Linux64/external/gsl/1.8/lib:/home/tsa/LSSTDevel/Linux64/external/tcltk/8.5a4/lib:/home/tsa/LSSTDevel/Linux64/external/mpich2/1.0.5p4/lib:/home/tsa/LSSTDevel/Linux64/external/boost/1.37.0/lib:/home/tsa/LSSTDevel/Linux64/pex_exceptions/3.2.2/lib:/home/tsa/LSST_svn/DMS/utils/trunk/lib:/home/tsa/LSSTDevel/Linux64/sdqa/3.0.3/lib:/home/tsa/LSSTDevel/Linux64/meas_algorithms/3.0.9/lib .sconf_temp/conftest_17.o -L/home/tsa/LSSTDevel/Linux64/external/boost/1.37.0/lib -L/home/tsa/LSSTDevel/Linux64/external/python/2.5.2/lib/python2.5/config -L/home/tsa/LSSTDevel/Linux64/external/tcltk/8.5a4/lib -L/home/tsa/LSSTDevel/Linux64/external/cfitsio/3006.2/lib -L/home/tsa/LSSTDevel/Linux64/external/wcslib/4.2+3/lib -L/home/tsa/LSSTDevel/Linux64/external/xpa/2.1.7b2/lib -lm -lxpa
scons: Configure: yes


file /home/tsa/LSSTDevel/Linux64/sconsUtils/3.3/python/lsst/SConsUtils.py,line 697:
	Configure(confdir = .sconf_temp)
scons: Configure: Checking for C++ header file Minuit/FCNBase.h... 
.sconf_temp/conftest_18.cpp <-
  |
  |#include <Minuit/FCNBase.h>
  |
  |
g++ -o .sconf_temp/conftest_18.o -c -g -Wall -O0 -DLSST_HAVE_TR1=1 -DLSST_LITTLE_ENDIAN=1 -I/home/tsa/LSSTDevel/Linux64/external/boost/1.37.0/include -I/home/tsa/LSSTDevel/Linux64/external/python/2.5.2/include/python2.5 -I/home/tsa/LSSTDevel/Linux64/external/python/2.5.2/include -I/home/tsa/LSSTDevel/Linux64/external/cfitsio/3006.2/include -I/home/tsa/LSSTDevel/Linux64/external/wcslib/4.2+3/include -I/home/tsa/LSSTDevel/Linux64/external/xpa/2.1.7b2/include -I/home/tsa/LSSTDevel/Linux64/external/minuit/1.7.9/include .sconf_temp/conftest_18.cpp
scons: Configure: yes


file /home/tsa/LSSTDevel/Linux64/sconsUtils/3.3/python/lsst/SConsUtils.py,line 484:
	Configure(confdir = .sconf_temp)
scons: Configure: Checking for C++ library lcg_Minuit... 
.sconf_temp/conftest_19.cpp <-
  |
  |
  |
  |int
  |main() {
  |  
  |return 0;
  |}
  |
g++ -o .sconf_temp/conftest_19.o -c -g -Wall -O0 -DLSST_HAVE_TR1=1 -DLSST_LITTLE_ENDIAN=1 -I/home/tsa/LSSTDevel/Linux64/external/boost/1.37.0/include -I/home/tsa/LSSTDevel/Linux64/external/python/2.5.2/include/python2.5 -I/home/tsa/LSSTDevel/Linux64/external/python/2.5.2/include -I/home/tsa/LSSTDevel/Linux64/external/cfitsio/3006.2/include -I/home/tsa/LSSTDevel/Linux64/external/wcslib/4.2+3/include -I/home/tsa/LSSTDevel/Linux64/external/xpa/2.1.7b2/include -I/home/tsa/LSSTDevel/Linux64/external/minuit/1.7.9/include .sconf_temp/conftest_19.cpp
g++ -o .sconf_temp/conftest_19 -Wl,-rpath-link -Wl,/home/tsa/LSSTDevel/Linux64/external/python/2.5.2/lib:/home/tsa/LSSTDevel/Linux64/afw/3.3.16/lib:/usr/local/lib:/usr/local/cuda/lib:/home/tsa/LSSTDevel/Linux64/daf_base/3.2.9/lib:/home/tsa/LSSTDevel/Linux64/external/mysqlclient/5.0.45+1/lib:/home/tsa/LSSTDevel/Linux64/pex_logging/3.3.4/lib:/home/tsa/LSSTDevel/Linux64/pex_policy/3.3.5/lib:/home/tsa/LSSTDevel/Linux64/daf_persistence/3.3.7/lib:/home/tsa/LSSTDevel/Linux64/security/3.2.2/lib:/home/tsa/LSSTDevel/Linux64/daf_data/3.2.3/lib:/home/tsa/LSSTDevel/Linux64/external/cfitsio/3006.2/lib:/home/tsa/LSSTDevel/Linux64/external/wcslib/4.2+3/lib:/home/tsa/LSSTDevel/Linux64/external/xpa/2.1.7b2/lib:/home/tsa/LSSTDevel/Linux64/external/minuit/1.7.9/lib:/home/tsa/LSSTDevel/Linux64/external/gsl/1.8/lib:/home/tsa/LSSTDevel/Linux64/external/tcltk/8.5a4/lib:/home/tsa/LSSTDevel/Linux64/external/mpich2/1.0.5p4/lib:/home/tsa/LSSTDevel/Linux64/external/boost/1.37.0/lib:/home/tsa/LSSTDevel/Linux64/pex_exceptions/3.2.2/lib:/home/tsa/LSST_svn/DMS/utils/trunk/lib:/home/tsa/LSSTDevel/Linux64/sdqa/3.0.3/lib:/home/tsa/LSSTDevel/Linux64/meas_algorithms/3.0.9/lib .sconf_temp/conftest_19.o -L/home/tsa/LSSTDevel/Linux64/external/boost/1.37.0/lib -L/home/tsa/LSSTDevel/Linux64/external/python/2.5.2/lib/python2.5/config -L/home/tsa/LSSTDevel/Linux64/external/tcltk/8.5a4/lib -L/home/tsa/LSSTDevel/Linux64/external/cfitsio/3006.2/lib -L/home/tsa/LSSTDevel/Linux64/external/wcslib/4.2+3/lib -L/home/tsa/LSSTDevel/Linux64/external/xpa/2.1.7b2/lib -L/home/tsa/LSSTDevel/Linux64/external/minuit/1.7.9/lib -lm -llcg_Minuit
scons: Configure: yes


file /home/tsa/LSSTDevel/Linux64/sconsUtils/3.3/python/lsst/SConsUtils.py,line 697:
	Configure(confdir = .sconf_temp)
scons: Configure: Checking for C++ header file lsst/pex/exceptions.h... 
.sconf_temp/conftest_20.cpp <-
  |
  |#include <lsst/pex/exceptions.h>
  |
  |
g++ -o .sconf_temp/conftest_20.o -c -g -Wall -O0 -DLSST_HAVE_TR1=1 -DLSST_LITTLE_ENDIAN=1 -I/home/tsa/LSSTDevel/Linux64/external/boost/1.37.0/include -I/home/tsa/LSSTDevel/Linux64/external/python/2.5.2/include/python2.5 -I/home/tsa/LSSTDevel/Linux64/external/python/2.5.2/include -I/home/tsa/LSSTDevel/Linux64/external/cfitsio/3006.2/include -I/home/tsa/LSSTDevel/Linux64/external/wcslib/4.2+3/include -I/home/tsa/LSSTDevel/Linux64/external/xpa/2.1.7b2/include -I/home/tsa/LSSTDevel/Linux64/external/minuit/1.7.9/include -I/home/tsa/LSSTDevel/Linux64/pex_exceptions/3.2.2/include .sconf_temp/conftest_20.cpp
scons: Configure: yes


file /home/tsa/LSSTDevel/Linux64/sconsUtils/3.3/python/lsst/SConsUtils.py,line 484:
	Configure(confdir = .sconf_temp)
scons: Configure: Checking for C++ library pex_exceptions... 
.sconf_temp/conftest_21.cpp <-
  |
  |
  |
  |int
  |main() {
  |  
  |return 0;
  |}
  |
g++ -o .sconf_temp/conftest_21.o -c -g -Wall -O0 -DLSST_HAVE_TR1=1 -DLSST_LITTLE_ENDIAN=1 -I/home/tsa/LSSTDevel/Linux64/external/boost/1.37.0/include -I/home/tsa/LSSTDevel/Linux64/external/python/2.5.2/include/python2.5 -I/home/tsa/LSSTDevel/Linux64/external/python/2.5.2/include -I/home/tsa/LSSTDevel/Linux64/external/cfitsio/3006.2/include -I/home/tsa/LSSTDevel/Linux64/external/wcslib/4.2+3/include -I/home/tsa/LSSTDevel/Linux64/external/xpa/2.1.7b2/include -I/home/tsa/LSSTDevel/Linux64/external/minuit/1.7.9/include -I/home/tsa/LSSTDevel/Linux64/pex_exceptions/3.2.2/include .sconf_temp/conftest_21.cpp
g++ -o .sconf_temp/conftest_21 -Wl,-rpath-link -Wl,/home/tsa/LSSTDevel/Linux64/external/python/2.5.2/lib:/home/tsa/LSSTDevel/Linux64/afw/3.3.16/lib:/usr/local/lib:/usr/local/cuda/lib:/home/tsa/LSSTDevel/Linux64/daf_base/3.2.9/lib:/home/tsa/LSSTDevel/Linux64/external/mysqlclient/5.0.45+1/lib:/home/tsa/LSSTDevel/Linux64/pex_logging/3.3.4/lib:/home/tsa/LSSTDevel/Linux64/pex_policy/3.3.5/lib:/home/tsa/LSSTDevel/Linux64/daf_persistence/3.3.7/lib:/home/tsa/LSSTDevel/Linux64/security/3.2.2/lib:/home/tsa/LSSTDevel/Linux64/daf_data/3.2.3/lib:/home/tsa/LSSTDevel/Linux64/external/cfitsio/3006.2/lib:/home/tsa/LSSTDevel/Linux64/external/wcslib/4.2+3/lib:/home/tsa/LSSTDevel/Linux64/external/xpa/2.1.7b2/lib:/home/tsa/LSSTDevel/Linux64/external/minuit/1.7.9/lib:/home/tsa/LSSTDevel/Linux64/external/gsl/1.8/lib:/home/tsa/LSSTDevel/Linux64/external/tcltk/8.5a4/lib:/home/tsa/LSSTDevel/Linux64/external/mpich2/1.0.5p4/lib:/home/tsa/LSSTDevel/Linux64/external/boost/1.37.0/lib:/home/tsa/LSSTDevel/Linux64/pex_exceptions/3.2.2/lib:/home/tsa/LSST_svn/DMS/utils/trunk/lib:/home/tsa/LSSTDevel/Linux64/sdqa/3.0.3/lib:/home/tsa/LSSTDevel/Linux64/meas_algorithms/3.0.9/lib .sconf_temp/conftest_21.o -L/home/tsa/LSSTDevel/Linux64/external/boost/1.37.0/lib -L/home/tsa/LSSTDevel/Linux64/external/python/2.5.2/lib/python2.5/config -L/home/tsa/LSSTDevel/Linux64/external/tcltk/8.5a4/lib -L/home/tsa/LSSTDevel/Linux64/external/cfitsio/3006.2/lib -L/home/tsa/LSSTDevel/Linux64/external/wcslib/4.2+3/lib -L/home/tsa/LSSTDevel/Linux64/external/xpa/2.1.7b2/lib -L/home/tsa/LSSTDevel/Linux64/external/minuit/1.7.9/lib -L/home/tsa/LSSTDevel/Linux64/pex_exceptions/3.2.2/lib -lm -lpex_exceptions
scons: Configure: yes


file /home/tsa/LSSTDevel/Linux64/sconsUtils/3.3/python/lsst/SConsUtils.py,line 697:
	Configure(confdir = .sconf_temp)
scons: Configure: Checking for C++ header file lsst/utils/Utils.h... 
.sconf_temp/conftest_22.cpp <-
  |
  |#include <lsst/utils/Utils.h>
  |
  |
g++ -o .sconf_temp/conftest_22.o -c -g -Wall -O0 -DLSST_HAVE_TR1=1 -DLSST_LITTLE_ENDIAN=1 -I/home/tsa/LSSTDevel/Linux64/external/boost/1.37.0/include -I/home/tsa/LSSTDevel/Linux64/external/python/2.5.2/include/python2.5 -I/home/tsa/LSSTDevel/Linux64/external/python/2.5.2/include -I/home/tsa/LSSTDevel/Linux64/external/cfitsio/3006.2/include -I/home/tsa/LSSTDevel/Linux64/external/wcslib/4.2+3/include -I/home/tsa/LSSTDevel/Linux64/external/xpa/2.1.7b2/include -I/home/tsa/LSSTDevel/Linux64/external/minuit/1.7.9/include -I/home/tsa/LSSTDevel/Linux64/pex_exceptions/3.2.2/include -I/home/tsa/LSST_svn/DMS/utils/trunk/include .sconf_temp/conftest_22.cpp
scons: Configure: yes


file /home/tsa/LSSTDevel/Linux64/sconsUtils/3.3/python/lsst/SConsUtils.py,line 484:
	Configure(confdir = .sconf_temp)
scons: Configure: Checking for C++ library utils... 
.sconf_temp/conftest_23.cpp <-
  |
  |
  |
  |int
  |main() {
  |  
  |return 0;
  |}
  |
g++ -o .sconf_temp/conftest_23.o -c -g -Wall -O0 -DLSST_HAVE_TR1=1 -DLSST_LITTLE_ENDIAN=1 -I/home/tsa/LSSTDevel/Linux64/external/boost/1.37.0/include -I/home/tsa/LSSTDevel/Linux64/external/python/2.5.2/include/python2.5 -I/home/tsa/LSSTDevel/Linux64/external/python/2.5.2/include -I/home/tsa/LSSTDevel/Linux64/external/cfitsio/3006.2/include -I/home/tsa/LSSTDevel/Linux64/external/wcslib/4.2+3/include -I/home/tsa/LSSTDevel/Linux64/external/xpa/2.1.7b2/include -I/home/tsa/LSSTDevel/Linux64/external/minuit/1.7.9/include -I/home/tsa/LSSTDevel/Linux64/pex_exceptions/3.2.2/include -I/home/tsa/LSST_svn/DMS/utils/trunk/include .sconf_temp/conftest_23.cpp
g++ -o .sconf_temp/conftest_23 -Wl,-rpath-link -Wl,/home/tsa/LSSTDevel/Linux64/external/python/2.5.2/lib:/home/tsa/LSSTDevel/Linux64/afw/3.3.16/lib:/usr/local/lib:/usr/local/cuda/lib:/home/tsa/LSSTDevel/Linux64/daf_base/3.2.9/lib:/home/tsa/LSSTDevel/Linux64/external/mysqlclient/5.0.45+1/lib:/home/tsa/LSSTDevel/Linux64/pex_logging/3.3.4/lib:/home/tsa/LSSTDevel/Linux64/pex_policy/3.3.5/lib:/home/tsa/LSSTDevel/Linux64/daf_persistence/3.3.7/lib:/home/tsa/LSSTDevel/Linux64/security/3.2.2/lib:/home/tsa/LSSTDevel/Linux64/daf_data/3.2.3/lib:/home/tsa/LSSTDevel/Linux64/external/cfitsio/3006.2/lib:/home/tsa/LSSTDevel/Linux64/external/wcslib/4.2+3/lib:/home/tsa/LSSTDevel/Linux64/external/xpa/2.1.7b2/lib:/home/tsa/LSSTDevel/Linux64/external/minuit/1.7.9/lib:/home/tsa/LSSTDevel/Linux64/external/gsl/1.8/lib:/home/tsa/LSSTDevel/Linux64/external/tcltk/8.5a4/lib:/home/tsa/LSSTDevel/Linux64/external/mpich2/1.0.5p4/lib:/home/tsa/LSSTDevel/Linux64/external/boost/1.37.0/lib:/home/tsa/LSSTDevel/Linux64/pex_exceptions/3.2.2/lib:/home/tsa/LSST_svn/DMS/utils/trunk/lib:/home/tsa/LSSTDevel/Linux64/sdqa/3.0.3/lib:/home/tsa/LSSTDevel/Linux64/meas_algorithms/3.0.9/lib .sconf_temp/conftest_23.o -L/home/tsa/LSSTDevel/Linux64/external/boost/1.37.0/lib -L/home/tsa/LSSTDevel/Linux64/external/python/2.5.2/lib/python2.5/config -L/home/tsa/LSSTDevel/Linux64/external/tcltk/8.5a4/lib -L/home/tsa/LSSTDevel/Linux64/external/cfitsio/3006.2/lib -L/home/tsa/LSSTDevel/Linux64/external/wcslib/4.2+3/lib -L/home/tsa/LSSTDevel/Linux64/external/xpa/2.1.7b2/lib -L/home/tsa/LSSTDevel/Linux64/external/minuit/1.7.9/lib -L/home/tsa/LSSTDevel/Linux64/pex_exceptions/3.2.2/lib -L/home/tsa/LSST_svn/DMS/utils/trunk/lib -lm -lutils
scons: Configure: yes


file /home/tsa/LSSTDevel/Linux64/sconsUtils/3.3/python/lsst/SConsUtils.py,line 697:
	Configure(confdir = .sconf_temp)
scons: Configure: Checking for C++ header file lsst/daf/base.h... 
.sconf_temp/conftest_24.cpp <-
  |
  |#include <lsst/daf/base.h>
  |
  |
g++ -o .sconf_temp/conftest_24.o -c -g -Wall -O0 -DLSST_HAVE_TR1=1 -DLSST_LITTLE_ENDIAN=1 -I/home/tsa/LSSTDevel/Linux64/external/boost/1.37.0/include -I/home/tsa/LSSTDevel/Linux64/external/python/2.5.2/include/python2.5 -I/home/tsa/LSSTDevel/Linux64/external/python/2.5.2/include -I/home/tsa/LSSTDevel/Linux64/external/cfitsio/3006.2/include -I/home/tsa/LSSTDevel/Linux64/external/wcslib/4.2+3/include -I/home/tsa/LSSTDevel/Linux64/external/xpa/2.1.7b2/include -I/home/tsa/LSSTDevel/Linux64/external/minuit/1.7.9/include -I/home/tsa/LSSTDevel/Linux64/pex_exceptions/3.2.2/include -I/home/tsa/LSST_svn/DMS/utils/trunk/include -I/home/tsa/LSSTDevel/Linux64/daf_base/3.2.9/include .sconf_temp/conftest_24.cpp
scons: Configure: yes


file /home/tsa/LSSTDevel/Linux64/sconsUtils/3.3/python/lsst/SConsUtils.py,line 484:
	Configure(confdir = .sconf_temp)
scons: Configure: Checking for C++ library daf_base... 
.sconf_temp/conftest_25.cpp <-
  |
  |
  |
  |int
  |main() {
  |  
  |return 0;
  |}
  |
g++ -o .sconf_temp/conftest_25.o -c -g -Wall -O0 -DLSST_HAVE_TR1=1 -DLSST_LITTLE_ENDIAN=1 -I/home/tsa/LSSTDevel/Linux64/external/boost/1.37.0/include -I/home/tsa/LSSTDevel/Linux64/external/python/2.5.2/include/python2.5 -I/home/tsa/LSSTDevel/Linux64/external/python/2.5.2/include -I/home/tsa/LSSTDevel/Linux64/external/cfitsio/3006.2/include -I/home/tsa/LSSTDevel/Linux64/external/wcslib/4.2+3/include -I/home/tsa/LSSTDevel/Linux64/external/xpa/2.1.7b2/include -I/home/tsa/LSSTDevel/Linux64/external/minuit/1.7.9/include -I/home/tsa/LSSTDevel/Linux64/pex_exceptions/3.2.2/include -I/home/tsa/LSST_svn/DMS/utils/trunk/include -I/home/tsa/LSSTDevel/Linux64/daf_base/3.2.9/include .sconf_temp/conftest_25.cpp
g++ -o .sconf_temp/conftest_25 -Wl,-rpath-link -Wl,/home/tsa/LSSTDevel/Linux64/external/python/2.5.2/lib:/home/tsa/LSSTDevel/Linux64/afw/3.3.16/lib:/usr/local/lib:/usr/local/cuda/lib:/home/tsa/LSSTDevel/Linux64/daf_base/3.2.9/lib:/home/tsa/LSSTDevel/Linux64/external/mysqlclient/5.0.45+1/lib:/home/tsa/LSSTDevel/Linux64/pex_logging/3.3.4/lib:/home/tsa/LSSTDevel/Linux64/pex_policy/3.3.5/lib:/home/tsa/LSSTDevel/Linux64/daf_persistence/3.3.7/lib:/home/tsa/LSSTDevel/Linux64/security/3.2.2/lib:/home/tsa/LSSTDevel/Linux64/daf_data/3.2.3/lib:/home/tsa/LSSTDevel/Linux64/external/cfitsio/3006.2/lib:/home/tsa/LSSTDevel/Linux64/external/wcslib/4.2+3/lib:/home/tsa/LSSTDevel/Linux64/external/xpa/2.1.7b2/lib:/home/tsa/LSSTDevel/Linux64/external/minuit/1.7.9/lib:/home/tsa/LSSTDevel/Linux64/external/gsl/1.8/lib:/home/tsa/LSSTDevel/Linux64/external/tcltk/8.5a4/lib:/home/tsa/LSSTDevel/Linux64/external/mpich2/1.0.5p4/lib:/home/tsa/LSSTDevel/Linux64/external/boost/1.37.0/lib:/home/tsa/LSSTDevel/Linux64/pex_exceptions/3.2.2/lib:/home/tsa/LSST_svn/DMS/utils/trunk/lib:/home/tsa/LSSTDevel/Linux64/sdqa/3.0.3/lib:/home/tsa/LSSTDevel/Linux64/meas_algorithms/3.0.9/lib .sconf_temp/conftest_25.o -L/home/tsa/LSSTDevel/Linux64/external/boost/1.37.0/lib -L/home/tsa/LSSTDevel/Linux64/external/python/2.5.2/lib/python2.5/config -L/home/tsa/LSSTDevel/Linux64/external/tcltk/8.5a4/lib -L/home/tsa/LSSTDevel/Linux64/external/cfitsio/3006.2/lib -L/home/tsa/LSSTDevel/Linux64/external/wcslib/4.2+3/lib -L/home/tsa/LSSTDevel/Linux64/external/xpa/2.1.7b2/lib -L/home/tsa/LSSTDevel/Linux64/external/minuit/1.7.9/lib -L/home/tsa/LSSTDevel/Linux64/pex_exceptions/3.2.2/lib -L/home/tsa/LSST_svn/DMS/utils/trunk/lib -L/home/tsa/LSSTDevel/Linux64/daf_base/3.2.9/lib -lm -ldaf_base
scons: Configure: yes


file /home/tsa/LSSTDevel/Linux64/sconsUtils/3.3/python/lsst/SConsUtils.py,line 697:
	Configure(confdir = .sconf_temp)
scons: Configure: Checking for C++ header file lsst/pex/policy/Policy.h... 
.sconf_temp/conftest_26.cpp <-
  |
  |#include <lsst/pex/policy/Policy.h>
  |
  |
g++ -o .sconf_temp/conftest_26.o -c -g -Wall -O0 -DLSST_HAVE_TR1=1 -DLSST_LITTLE_ENDIAN=1 -I/home/tsa/LSSTDevel/Linux64/external/boost/1.37.0/include -I/home/tsa/LSSTDevel/Linux64/external/python/2.5.2/include/python2.5 -I/home/tsa/LSSTDevel/Linux64/external/python/2.5.2/include -I/home/tsa/LSSTDevel/Linux64/external/cfitsio/3006.2/include -I/home/tsa/LSSTDevel/Linux64/external/wcslib/4.2+3/include -I/home/tsa/LSSTDevel/Linux64/external/xpa/2.1.7b2/include -I/home/tsa/LSSTDevel/Linux64/external/minuit/1.7.9/include -I/home/tsa/LSSTDevel/Linux64/pex_exceptions/3.2.2/include -I/home/tsa/LSST_svn/DMS/utils/trunk/include -I/home/tsa/LSSTDevel/Linux64/daf_base/3.2.9/include -I/home/tsa/LSSTDevel/Linux64/pex_policy/3.3.5/include .sconf_temp/conftest_26.cpp
scons: Configure: yes


file /home/tsa/LSSTDevel/Linux64/sconsUtils/3.3/python/lsst/SConsUtils.py,line 484:
	Configure(confdir = .sconf_temp)
scons: Configure: Checking for C++ library pex_policy... 
.sconf_temp/conftest_27.cpp <-
  |
  |
  |
  |int
  |main() {
  |  
  |return 0;
  |}
  |
g++ -o .sconf_temp/conftest_27.o -c -g -Wall -O0 -DLSST_HAVE_TR1=1 -DLSST_LITTLE_ENDIAN=1 -I/home/tsa/LSSTDevel/Linux64/external/boost/1.37.0/include -I/home/tsa/LSSTDevel/Linux64/external/python/2.5.2/include/python2.5 -I/home/tsa/LSSTDevel/Linux64/external/python/2.5.2/include -I/home/tsa/LSSTDevel/Linux64/external/cfitsio/3006.2/include -I/home/tsa/LSSTDevel/Linux64/external/wcslib/4.2+3/include -I/home/tsa/LSSTDevel/Linux64/external/xpa/2.1.7b2/include -I/home/tsa/LSSTDevel/Linux64/external/minuit/1.7.9/include -I/home/tsa/LSSTDevel/Linux64/pex_exceptions/3.2.2/include -I/home/tsa/LSST_svn/DMS/utils/trunk/include -I/home/tsa/LSSTDevel/Linux64/daf_base/3.2.9/include -I/home/tsa/LSSTDevel/Linux64/pex_policy/3.3.5/include .sconf_temp/conftest_27.cpp
g++ -o .sconf_temp/conftest_27 -Wl,-rpath-link -Wl,/home/tsa/LSSTDevel/Linux64/external/python/2.5.2/lib:/home/tsa/LSSTDevel/Linux64/afw/3.3.16/lib:/usr/local/lib:/usr/local/cuda/lib:/home/tsa/LSSTDevel/Linux64/daf_base/3.2.9/lib:/home/tsa/LSSTDevel/Linux64/external/mysqlclient/5.0.45+1/lib:/home/tsa/LSSTDevel/Linux64/pex_logging/3.3.4/lib:/home/tsa/LSSTDevel/Linux64/pex_policy/3.3.5/lib:/home/tsa/LSSTDevel/Linux64/daf_persistence/3.3.7/lib:/home/tsa/LSSTDevel/Linux64/security/3.2.2/lib:/home/tsa/LSSTDevel/Linux64/daf_data/3.2.3/lib:/home/tsa/LSSTDevel/Linux64/external/cfitsio/3006.2/lib:/home/tsa/LSSTDevel/Linux64/external/wcslib/4.2+3/lib:/home/tsa/LSSTDevel/Linux64/external/xpa/2.1.7b2/lib:/home/tsa/LSSTDevel/Linux64/external/minuit/1.7.9/lib:/home/tsa/LSSTDevel/Linux64/external/gsl/1.8/lib:/home/tsa/LSSTDevel/Linux64/external/tcltk/8.5a4/lib:/home/tsa/LSSTDevel/Linux64/external/mpich2/1.0.5p4/lib:/home/tsa/LSSTDevel/Linux64/external/boost/1.37.0/lib:/home/tsa/LSSTDevel/Linux64/pex_exceptions/3.2.2/lib:/home/tsa/LSST_svn/DMS/utils/trunk/lib:/home/tsa/LSSTDevel/Linux64/sdqa/3.0.3/lib:/home/tsa/LSSTDevel/Linux64/meas_algorithms/3.0.9/lib .sconf_temp/conftest_27.o -L/home/tsa/LSSTDevel/Linux64/external/boost/1.37.0/lib -L/home/tsa/LSSTDevel/Linux64/external/python/2.5.2/lib/python2.5/config -L/home/tsa/LSSTDevel/Linux64/external/tcltk/8.5a4/lib -L/home/tsa/LSSTDevel/Linux64/external/cfitsio/3006.2/lib -L/home/tsa/LSSTDevel/Linux64/external/wcslib/4.2+3/lib -L/home/tsa/LSSTDevel/Linux64/external/xpa/2.1.7b2/lib -L/home/tsa/LSSTDevel/Linux64/external/minuit/1.7.9/lib -L/home/tsa/LSSTDevel/Linux64/pex_exceptions/3.2.2/lib -L/home/tsa/LSST_svn/DMS/utils/trunk/lib -L/home/tsa/LSSTDevel/Linux64/daf_base/3.2.9/lib -L/home/tsa/LSSTDevel/Linux64/pex_policy/3.3.5/lib -lm -lpex_policy
scons: Configure: yes


file /home/tsa/LSSTDevel/Linux64/sconsUtils/3.3/python/lsst/SConsUtils.py,line 697:
	Configure(confdir = .sconf_temp)
scons: Configure: Checking for C++ header file lsst/pex/logging/Trace.h... 
.sconf_temp/conftest_28.cpp <-
  |
  |#include <lsst/pex/logging/Trace.h>
  |
  |
g++ -o .sconf_temp/conftest_28.o -c -g -Wall -O0 -DLSST_HAVE_TR1=1 -DLSST_LITTLE_ENDIAN=1 -I/home/tsa/LSSTDevel/Linux64/external/boost/1.37.0/include -I/home/tsa/LSSTDevel/Linux64/external/python/2.5.2/include/python2.5 -I/home/tsa/LSSTDevel/Linux64/external/python/2.5.2/include -I/home/tsa/LSSTDevel/Linux64/external/cfitsio/3006.2/include -I/home/tsa/LSSTDevel/Linux64/external/wcslib/4.2+3/include -I/home/tsa/LSSTDevel/Linux64/external/xpa/2.1.7b2/include -I/home/tsa/LSSTDevel/Linux64/external/minuit/1.7.9/include -I/home/tsa/LSSTDevel/Linux64/pex_exceptions/3.2.2/include -I/home/tsa/LSST_svn/DMS/utils/trunk/include -I/home/tsa/LSSTDevel/Linux64/daf_base/3.2.9/include -I/home/tsa/LSSTDevel/Linux64/pex_policy/3.3.5/include -I/home/tsa/LSSTDevel/Linux64/pex_logging/3.3.4/include .sconf_temp/conftest_28.cpp
scons: Configure: yes


file /home/tsa/LSSTDevel/Linux64/sconsUtils/3.3/python/lsst/SConsUtils.py,line 484:
	Configure(confdir = .sconf_temp)
scons: Configure: Checking for C++ library pex_logging... 
.sconf_temp/conftest_29.cpp <-
  |
  |
  |
  |int
  |main() {
  |  
  |return 0;
  |}
  |
g++ -o .sconf_temp/conftest_29.o -c -g -Wall -O0 -DLSST_HAVE_TR1=1 -DLSST_LITTLE_ENDIAN=1 -I/home/tsa/LSSTDevel/Linux64/external/boost/1.37.0/include -I/home/tsa/LSSTDevel/Linux64/external/python/2.5.2/include/python2.5 -I/home/tsa/LSSTDevel/Linux64/external/python/2.5.2/include -I/home/tsa/LSSTDevel/Linux64/external/cfitsio/3006.2/include -I/home/tsa/LSSTDevel/Linux64/external/wcslib/4.2+3/include -I/home/tsa/LSSTDevel/Linux64/external/xpa/2.1.7b2/include -I/home/tsa/LSSTDevel/Linux64/external/minuit/1.7.9/include -I/home/tsa/LSSTDevel/Linux64/pex_exceptions/3.2.2/include -I/home/tsa/LSST_svn/DMS/utils/trunk/include -I/home/tsa/LSSTDevel/Linux64/daf_base/3.2.9/include -I/home/tsa/LSSTDevel/Linux64/pex_policy/3.3.5/include -I/home/tsa/LSSTDevel/Linux64/pex_logging/3.3.4/include .sconf_temp/conftest_29.cpp
g++ -o .sconf_temp/conftest_29 -Wl,-rpath-link -Wl,/home/tsa/LSSTDevel/Linux64/external/python/2.5.2/lib:/home/tsa/LSSTDevel/Linux64/afw/3.3.16/lib:/usr/local/lib:/usr/local/cuda/lib:/home/tsa/LSSTDevel/Linux64/daf_base/3.2.9/lib:/home/tsa/LSSTDevel/Linux64/external/mysqlclient/5.0.45+1/lib:/home/tsa/LSSTDevel/Linux64/pex_logging/3.3.4/lib:/home/tsa/LSSTDevel/Linux64/pex_policy/3.3.5/lib:/home/tsa/LSSTDevel/Linux64/daf_persistence/3.3.7/lib:/home/tsa/LSSTDevel/Linux64/security/3.2.2/lib:/home/tsa/LSSTDevel/Linux64/daf_data/3.2.3/lib:/home/tsa/LSSTDevel/Linux64/external/cfitsio/3006.2/lib:/home/tsa/LSSTDevel/Linux64/external/wcslib/4.2+3/lib:/home/tsa/LSSTDevel/Linux64/external/xpa/2.1.7b2/lib:/home/tsa/LSSTDevel/Linux64/external/minuit/1.7.9/lib:/home/tsa/LSSTDevel/Linux64/external/gsl/1.8/lib:/home/tsa/LSSTDevel/Linux64/external/tcltk/8.5a4/lib:/home/tsa/LSSTDevel/Linux64/external/mpich2/1.0.5p4/lib:/home/tsa/LSSTDevel/Linux64/external/boost/1.37.0/lib:/home/tsa/LSSTDevel/Linux64/pex_exceptions/3.2.2/lib:/home/tsa/LSST_svn/DMS/utils/trunk/lib:/home/tsa/LSSTDevel/Linux64/sdqa/3.0.3/lib:/home/tsa/LSSTDevel/Linux64/meas_algorithms/3.0.9/lib .sconf_temp/conftest_29.o -L/home/tsa/LSSTDevel/Linux64/external/boost/1.37.0/lib -L/home/tsa/LSSTDevel/Linux64/external/python/2.5.2/lib/python2.5/config -L/home/tsa/LSSTDevel/Linux64/external/tcltk/8.5a4/lib -L/home/tsa/LSSTDevel/Linux64/external/cfitsio/3006.2/lib -L/home/tsa/LSSTDevel/Linux64/external/wcslib/4.2+3/lib -L/home/tsa/LSSTDevel/Linux64/external/xpa/2.1.7b2/lib -L/home/tsa/LSSTDevel/Linux64/external/minuit/1.7.9/lib -L/home/tsa/LSSTDevel/Linux64/pex_exceptions/3.2.2/lib -L/home/tsa/LSST_svn/DMS/utils/trunk/lib -L/home/tsa/LSSTDevel/Linux64/daf_base/3.2.9/lib -L/home/tsa/LSSTDevel/Linux64/pex_policy/3.3.5/lib -L/home/tsa/LSSTDevel/Linux64/pex_logging/3.3.4/lib -lm -lpex_logging
scons: Configure: yes


file /home/tsa/LSSTDevel/Linux64/sconsUtils/3.3/python/lsst/SConsUtils.py,line 697:
	Configure(confdir = .sconf_temp)
scons: Configure: Checking for C++ header file lsst/security/Security.h... 
.sconf_temp/conftest_30.cpp <-
  |
  |#include <lsst/security/Security.h>
  |
  |
g++ -o .sconf_temp/conftest_30.o -c -g -Wall -O0 -DLSST_HAVE_TR1=1 -DLSST_LITTLE_ENDIAN=1 -I/home/tsa/LSSTDevel/Linux64/external/boost/1.37.0/include -I/home/tsa/LSSTDevel/Linux64/external/python/2.5.2/include/python2.5 -I/home/tsa/LSSTDevel/Linux64/external/python/2.5.2/include -I/home/tsa/LSSTDevel/Linux64/external/cfitsio/3006.2/include -I/home/tsa/LSSTDevel/Linux64/external/wcslib/4.2+3/include -I/home/tsa/LSSTDevel/Linux64/external/xpa/2.1.7b2/include -I/home/tsa/LSSTDevel/Linux64/external/minuit/1.7.9/include -I/home/tsa/LSSTDevel/Linux64/pex_exceptions/3.2.2/include -I/home/tsa/LSST_svn/DMS/utils/trunk/include -I/home/tsa/LSSTDevel/Linux64/daf_base/3.2.9/include -I/home/tsa/LSSTDevel/Linux64/pex_policy/3.3.5/include -I/home/tsa/LSSTDevel/Linux64/pex_logging/3.3.4/include -I/home/tsa/LSSTDevel/Linux64/security/3.2.2/include .sconf_temp/conftest_30.cpp
scons: Configure: yes


file /home/tsa/LSSTDevel/Linux64/sconsUtils/3.3/python/lsst/SConsUtils.py,line 484:
	Configure(confdir = .sconf_temp)
scons: Configure: Checking for C++ library security... 
.sconf_temp/conftest_31.cpp <-
  |
  |
  |
  |int
  |main() {
  |  
  |return 0;
  |}
  |
g++ -o .sconf_temp/conftest_31.o -c -g -Wall -O0 -DLSST_HAVE_TR1=1 -DLSST_LITTLE_ENDIAN=1 -I/home/tsa/LSSTDevel/Linux64/external/boost/1.37.0/include -I/home/tsa/LSSTDevel/Linux64/external/python/2.5.2/include/python2.5 -I/home/tsa/LSSTDevel/Linux64/external/python/2.5.2/include -I/home/tsa/LSSTDevel/Linux64/external/cfitsio/3006.2/include -I/home/tsa/LSSTDevel/Linux64/external/wcslib/4.2+3/include -I/home/tsa/LSSTDevel/Linux64/external/xpa/2.1.7b2/include -I/home/tsa/LSSTDevel/Linux64/external/minuit/1.7.9/include -I/home/tsa/LSSTDevel/Linux64/pex_exceptions/3.2.2/include -I/home/tsa/LSST_svn/DMS/utils/trunk/include -I/home/tsa/LSSTDevel/Linux64/daf_base/3.2.9/include -I/home/tsa/LSSTDevel/Linux64/pex_policy/3.3.5/include -I/home/tsa/LSSTDevel/Linux64/pex_logging/3.3.4/include -I/home/tsa/LSSTDevel/Linux64/security/3.2.2/include .sconf_temp/conftest_31.cpp
g++ -o .sconf_temp/conftest_31 -Wl,-rpath-link -Wl,/home/tsa/LSSTDevel/Linux64/external/python/2.5.2/lib:/home/tsa/LSSTDevel/Linux64/afw/3.3.16/lib:/usr/local/lib:/usr/local/cuda/lib:/home/tsa/LSSTDevel/Linux64/daf_base/3.2.9/lib:/home/tsa/LSSTDevel/Linux64/external/mysqlclient/5.0.45+1/lib:/home/tsa/LSSTDevel/Linux64/pex_logging/3.3.4/lib:/home/tsa/LSSTDevel/Linux64/pex_policy/3.3.5/lib:/home/tsa/LSSTDevel/Linux64/daf_persistence/3.3.7/lib:/home/tsa/LSSTDevel/Linux64/security/3.2.2/lib:/home/tsa/LSSTDevel/Linux64/daf_data/3.2.3/lib:/home/tsa/LSSTDevel/Linux64/external/cfitsio/3006.2/lib:/home/tsa/LSSTDevel/Linux64/external/wcslib/4.2+3/lib:/home/tsa/LSSTDevel/Linux64/external/xpa/2.1.7b2/lib:/home/tsa/LSSTDevel/Linux64/external/minuit/1.7.9/lib:/home/tsa/LSSTDevel/Linux64/external/gsl/1.8/lib:/home/tsa/LSSTDevel/Linux64/external/tcltk/8.5a4/lib:/home/tsa/LSSTDevel/Linux64/external/mpich2/1.0.5p4/lib:/home/tsa/LSSTDevel/Linux64/external/boost/1.37.0/lib:/home/tsa/LSSTDevel/Linux64/pex_exceptions/3.2.2/lib:/home/tsa/LSST_svn/DMS/utils/trunk/lib:/home/tsa/LSSTDevel/Linux64/sdqa/3.0.3/lib:/home/tsa/LSSTDevel/Linux64/meas_algorithms/3.0.9/lib .sconf_temp/conftest_31.o -L/home/tsa/LSSTDevel/Linux64/external/boost/1.37.0/lib -L/home/tsa/LSSTDevel/Linux64/external/python/2.5.2/lib/python2.5/config -L/home/tsa/LSSTDevel/Linux64/external/tcltk/8.5a4/lib -L/home/tsa/LSSTDevel/Linux64/external/cfitsio/3006.2/lib -L/home/tsa/LSSTDevel/Linux64/external/wcslib/4.2+3/lib -L/home/tsa/LSSTDevel/Linux64/external/xpa/2.1.7b2/lib -L/home/tsa/LSSTDevel/Linux64/external/minuit/1.7.9/lib -L/home/tsa/LSSTDevel/Linux64/pex_exceptions/3.2.2/lib -L/home/tsa/LSST_svn/DMS/utils/trunk/lib -L/home/tsa/LSSTDevel/Linux64/daf_base/3.2.9/lib -L/home/tsa/LSSTDevel/Linux64/pex_policy/3.3.5/lib -L/home/tsa/LSSTDevel/Linux64/pex_logging/3.3.4/lib -L/home/tsa/LSSTDevel/Linux64/security/3.2.2/lib -lm -lsecurity
scons: Configure: yes


file /home/tsa/LSSTDevel/Linux64/sconsUtils/3.3/python/lsst/SConsUtils.py,line 697:
	Configure(confdir = .sconf_temp)
scons: Configure: Checking for C++ header file lsst/daf/persistence/Persistence.h... 
.sconf_temp/conftest_32.cpp <-
  |
  |#include <lsst/daf/persistence/Persistence.h>
  |
  |
g++ -o .sconf_temp/conftest_32.o -c -g -Wall -O0 -DLSST_HAVE_TR1=1 -DLSST_LITTLE_ENDIAN=1 -I/home/tsa/LSSTDevel/Linux64/external/boost/1.37.0/include -I/home/tsa/LSSTDevel/Linux64/external/python/2.5.2/include/python2.5 -I/home/tsa/LSSTDevel/Linux64/external/python/2.5.2/include -I/home/tsa/LSSTDevel/Linux64/external/cfitsio/3006.2/include -I/home/tsa/LSSTDevel/Linux64/external/wcslib/4.2+3/include -I/home/tsa/LSSTDevel/Linux64/external/xpa/2.1.7b2/include -I/home/tsa/LSSTDevel/Linux64/external/minuit/1.7.9/include -I/home/tsa/LSSTDevel/Linux64/pex_exceptions/3.2.2/include -I/home/tsa/LSST_svn/DMS/utils/trunk/include -I/home/tsa/LSSTDevel/Linux64/daf_base/3.2.9/include -I/home/tsa/LSSTDevel/Linux64/pex_policy/3.3.5/include -I/home/tsa/LSSTDevel/Linux64/pex_logging/3.3.4/include -I/home/tsa/LSSTDevel/Linux64/security/3.2.2/include -I/home/tsa/LSSTDevel/Linux64/daf_persistence/3.3.7/include .sconf_temp/conftest_32.cpp
scons: Configure: yes


file /home/tsa/LSSTDevel/Linux64/sconsUtils/3.3/python/lsst/SConsUtils.py,line 484:
	Configure(confdir = .sconf_temp)
scons: Configure: Checking for C++ library daf_persistence... 
.sconf_temp/conftest_33.cpp <-
  |
  |
  |
  |int
  |main() {
  |  
  |return 0;
  |}
  |
g++ -o .sconf_temp/conftest_33.o -c -g -Wall -O0 -DLSST_HAVE_TR1=1 -DLSST_LITTLE_ENDIAN=1 -I/home/tsa/LSSTDevel/Linux64/external/boost/1.37.0/include -I/home/tsa/LSSTDevel/Linux64/external/python/2.5.2/include/python2.5 -I/home/tsa/LSSTDevel/Linux64/external/python/2.5.2/include -I/home/tsa/LSSTDevel/Linux64/external/cfitsio/3006.2/include -I/home/tsa/LSSTDevel/Linux64/external/wcslib/4.2+3/include -I/home/tsa/LSSTDevel/Linux64/external/xpa/2.1.7b2/include -I/home/tsa/LSSTDevel/Linux64/external/minuit/1.7.9/include -I/home/tsa/LSSTDevel/Linux64/pex_exceptions/3.2.2/include -I/home/tsa/LSST_svn/DMS/utils/trunk/include -I/home/tsa/LSSTDevel/Linux64/daf_base/3.2.9/include -I/home/tsa/LSSTDevel/Linux64/pex_policy/3.3.5/include -I/home/tsa/LSSTDevel/Linux64/pex_logging/3.3.4/include -I/home/tsa/LSSTDevel/Linux64/security/3.2.2/include -I/home/tsa/LSSTDevel/Linux64/daf_persistence/3.3.7/include .sconf_temp/conftest_33.cpp
g++ -o .sconf_temp/conftest_33 -Wl,-rpath-link -Wl,/home/tsa/LSSTDevel/Linux64/external/python/2.5.2/lib:/home/tsa/LSSTDevel/Linux64/afw/3.3.16/lib:/usr/local/lib:/usr/local/cuda/lib:/home/tsa/LSSTDevel/Linux64/daf_base/3.2.9/lib:/home/tsa/LSSTDevel/Linux64/external/mysqlclient/5.0.45+1/lib:/home/tsa/LSSTDevel/Linux64/pex_logging/3.3.4/lib:/home/tsa/LSSTDevel/Linux64/pex_policy/3.3.5/lib:/home/tsa/LSSTDevel/Linux64/daf_persistence/3.3.7/lib:/home/tsa/LSSTDevel/Linux64/security/3.2.2/lib:/home/tsa/LSSTDevel/Linux64/daf_data/3.2.3/lib:/home/tsa/LSSTDevel/Linux64/external/cfitsio/3006.2/lib:/home/tsa/LSSTDevel/Linux64/external/wcslib/4.2+3/lib:/home/tsa/LSSTDevel/Linux64/external/xpa/2.1.7b2/lib:/home/tsa/LSSTDevel/Linux64/external/minuit/1.7.9/lib:/home/tsa/LSSTDevel/Linux64/external/gsl/1.8/lib:/home/tsa/LSSTDevel/Linux64/external/tcltk/8.5a4/lib:/home/tsa/LSSTDevel/Linux64/external/mpich2/1.0.5p4/lib:/home/tsa/LSSTDevel/Linux64/external/boost/1.37.0/lib:/home/tsa/LSSTDevel/Linux64/pex_exceptions/3.2.2/lib:/home/tsa/LSST_svn/DMS/utils/trunk/lib:/home/tsa/LSSTDevel/Linux64/sdqa/3.0.3/lib:/home/tsa/LSSTDevel/Linux64/meas_algorithms/3.0.9/lib .sconf_temp/conftest_33.o -L/home/tsa/LSSTDevel/Linux64/external/boost/1.37.0/lib -L/home/tsa/LSSTDevel/Linux64/external/python/2.5.2/lib/python2.5/config -L/home/tsa/LSSTDevel/Linux64/external/tcltk/8.5a4/lib -L/home/tsa/LSSTDevel/Linux64/external/cfitsio/3006.2/lib -L/home/tsa/LSSTDevel/Linux64/external/wcslib/4.2+3/lib -L/home/tsa/LSSTDevel/Linux64/external/xpa/2.1.7b2/lib -L/home/tsa/LSSTDevel/Linux64/external/minuit/1.7.9/lib -L/home/tsa/LSSTDevel/Linux64/pex_exceptions/3.2.2/lib -L/home/tsa/LSST_svn/DMS/utils/trunk/lib -L/home/tsa/LSSTDevel/Linux64/daf_base/3.2.9/lib -L/home/tsa/LSSTDevel/Linux64/pex_policy/3.3.5/lib -L/home/tsa/LSSTDevel/Linux64/pex_logging/3.3.4/lib -L/home/tsa/LSSTDevel/Linux64/security/3.2.2/lib -L/home/tsa/LSSTDevel/Linux64/daf_persistence/3.3.7/lib -lm -ldaf_persistence
scons: Configure: yes


file /home/tsa/LSSTDevel/Linux64/sconsUtils/3.3/python/lsst/SConsUtils.py,line 697:
	Configure(confdir = .sconf_temp)
scons: Configure: Checking for C++ header file lsst/daf/data/LsstBase.h... 
.sconf_temp/conftest_34.cpp <-
  |
  |#include <lsst/daf/data/LsstBase.h>
  |
  |
g++ -o .sconf_temp/conftest_34.o -c -g -Wall -O0 -DLSST_HAVE_TR1=1 -DLSST_LITTLE_ENDIAN=1 -I/home/tsa/LSSTDevel/Linux64/external/boost/1.37.0/include -I/home/tsa/LSSTDevel/Linux64/external/python/2.5.2/include/python2.5 -I/home/tsa/LSSTDevel/Linux64/external/python/2.5.2/include -I/home/tsa/LSSTDevel/Linux64/external/cfitsio/3006.2/include -I/home/tsa/LSSTDevel/Linux64/external/wcslib/4.2+3/include -I/home/tsa/LSSTDevel/Linux64/external/xpa/2.1.7b2/include -I/home/tsa/LSSTDevel/Linux64/external/minuit/1.7.9/include -I/home/tsa/LSSTDevel/Linux64/pex_exceptions/3.2.2/include -I/home/tsa/LSST_svn/DMS/utils/trunk/include -I/home/tsa/LSSTDevel/Linux64/daf_base/3.2.9/include -I/home/tsa/LSSTDevel/Linux64/pex_policy/3.3.5/include -I/home/tsa/LSSTDevel/Linux64/pex_logging/3.3.4/include -I/home/tsa/LSSTDevel/Linux64/security/3.2.2/include -I/home/tsa/LSSTDevel/Linux64/daf_persistence/3.3.7/include -I/home/tsa/LSSTDevel/Linux64/daf_data/3.2.3/include .sconf_temp/conftest_34.cpp
scons: Configure: yes


file /home/tsa/LSSTDevel/Linux64/sconsUtils/3.3/python/lsst/SConsUtils.py,line 484:
	Configure(confdir = .sconf_temp)
scons: Configure: Checking for C++ library daf_data... 
.sconf_temp/conftest_35.cpp <-
  |
  |
  |
  |int
  |main() {
  |  
  |return 0;
  |}
  |
g++ -o .sconf_temp/conftest_35.o -c -g -Wall -O0 -DLSST_HAVE_TR1=1 -DLSST_LITTLE_ENDIAN=1 -I/home/tsa/LSSTDevel/Linux64/external/boost/1.37.0/include -I/home/tsa/LSSTDevel/Linux64/external/python/2.5.2/include/python2.5 -I/home/tsa/LSSTDevel/Linux64/external/python/2.5.2/include -I/home/tsa/LSSTDevel/Linux64/external/cfitsio/3006.2/include -I/home/tsa/LSSTDevel/Linux64/external/wcslib/4.2+3/include -I/home/tsa/LSSTDevel/Linux64/external/xpa/2.1.7b2/include -I/home/tsa/LSSTDevel/Linux64/external/minuit/1.7.9/include -I/home/tsa/LSSTDevel/Linux64/pex_exceptions/3.2.2/include -I/home/tsa/LSST_svn/DMS/utils/trunk/include -I/home/tsa/LSSTDevel/Linux64/daf_base/3.2.9/include -I/home/tsa/LSSTDevel/Linux64/pex_policy/3.3.5/include -I/home/tsa/LSSTDevel/Linux64/pex_logging/3.3.4/include -I/home/tsa/LSSTDevel/Linux64/security/3.2.2/include -I/home/tsa/LSSTDevel/Linux64/daf_persistence/3.3.7/include -I/home/tsa/LSSTDevel/Linux64/daf_data/3.2.3/include .sconf_temp/conftest_35.cpp
g++ -o .sconf_temp/conftest_35 -Wl,-rpath-link -Wl,/home/tsa/LSSTDevel/Linux64/external/python/2.5.2/lib:/home/tsa/LSSTDevel/Linux64/afw/3.3.16/lib:/usr/local/lib:/usr/local/cuda/lib:/home/tsa/LSSTDevel/Linux64/daf_base/3.2.9/lib:/home/tsa/LSSTDevel/Linux64/external/mysqlclient/5.0.45+1/lib:/home/tsa/LSSTDevel/Linux64/pex_logging/3.3.4/lib:/home/tsa/LSSTDevel/Linux64/pex_policy/3.3.5/lib:/home/tsa/LSSTDevel/Linux64/daf_persistence/3.3.7/lib:/home/tsa/LSSTDevel/Linux64/security/3.2.2/lib:/home/tsa/LSSTDevel/Linux64/daf_data/3.2.3/lib:/home/tsa/LSSTDevel/Linux64/external/cfitsio/3006.2/lib:/home/tsa/LSSTDevel/Linux64/external/wcslib/4.2+3/lib:/home/tsa/LSSTDevel/Linux64/external/xpa/2.1.7b2/lib:/home/tsa/LSSTDevel/Linux64/external/minuit/1.7.9/lib:/home/tsa/LSSTDevel/Linux64/external/gsl/1.8/lib:/home/tsa/LSSTDevel/Linux64/external/tcltk/8.5a4/lib:/home/tsa/LSSTDevel/Linux64/external/mpich2/1.0.5p4/lib:/home/tsa/LSSTDevel/Linux64/external/boost/1.37.0/lib:/home/tsa/LSSTDevel/Linux64/pex_exceptions/3.2.2/lib:/home/tsa/LSST_svn/DMS/utils/trunk/lib:/home/tsa/LSSTDevel/Linux64/sdqa/3.0.3/lib:/home/tsa/LSSTDevel/Linux64/meas_algorithms/3.0.9/lib .sconf_temp/conftest_35.o -L/home/tsa/LSSTDevel/Linux64/external/boost/1.37.0/lib -L/home/tsa/LSSTDevel/Linux64/external/python/2.5.2/lib/python2.5/config -L/home/tsa/LSSTDevel/Linux64/external/tcltk/8.5a4/lib -L/home/tsa/LSSTDevel/Linux64/external/cfitsio/3006.2/lib -L/home/tsa/LSSTDevel/Linux64/external/wcslib/4.2+3/lib -L/home/tsa/LSSTDevel/Linux64/external/xpa/2.1.7b2/lib -L/home/tsa/LSSTDevel/Linux64/external/minuit/1.7.9/lib -L/home/tsa/LSSTDevel/Linux64/pex_exceptions/3.2.2/lib -L/home/tsa/LSST_svn/DMS/utils/trunk/lib -L/home/tsa/LSSTDevel/Linux64/daf_base/3.2.9/lib -L/home/tsa/LSSTDevel/Linux64/pex_policy/3.3.5/lib -L/home/tsa/LSSTDevel/Linux64/pex_logging/3.3.4/lib -L/home/tsa/LSSTDevel/Linux64/security/3.2.2/lib -L/home/tsa/LSSTDevel/Linux64/daf_persistence/3.3.7/lib -L/home/tsa/LSSTDevel/Linux64/daf_data/3.2.3/lib -lm -ldaf_data
scons: Configure: yes


file /home/tsa/LSSTDevel/Linux64/sconsUtils/3.3/python/lsst/SConsUtils.py,line 697:
	Configure(confdir = .sconf_temp)
scons: Configure: Checking for C++ header file gsl/gsl_rng.h... 
.sconf_temp/conftest_36.cpp <-
  |
  |#include <gsl/gsl_rng.h>
  |
  |
g++ -o .sconf_temp/conftest_36.o -c -g -Wall -O0 -DLSST_HAVE_TR1=1 -DLSST_LITTLE_ENDIAN=1 -I/home/tsa/LSSTDevel/Linux64/external/boost/1.37.0/include -I/home/tsa/LSSTDevel/Linux64/external/python/2.5.2/include/python2.5 -I/home/tsa/LSSTDevel/Linux64/external/python/2.5.2/include -I/home/tsa/LSSTDevel/Linux64/external/cfitsio/3006.2/include -I/home/tsa/LSSTDevel/Linux64/external/wcslib/4.2+3/include -I/home/tsa/LSSTDevel/Linux64/external/xpa/2.1.7b2/include -I/home/tsa/LSSTDevel/Linux64/external/minuit/1.7.9/include -I/home/tsa/LSSTDevel/Linux64/pex_exceptions/3.2.2/include -I/home/tsa/LSST_svn/DMS/utils/trunk/include -I/home/tsa/LSSTDevel/Linux64/daf_base/3.2.9/include -I/home/tsa/LSSTDevel/Linux64/pex_policy/3.3.5/include -I/home/tsa/LSSTDevel/Linux64/pex_logging/3.3.4/include -I/home/tsa/LSSTDevel/Linux64/security/3.2.2/include -I/home/tsa/LSSTDevel/Linux64/daf_persistence/3.3.7/include -I/home/tsa/LSSTDevel/Linux64/daf_data/3.2.3/include -I/home/tsa/LSSTDevel/Linux64/external/gsl/1.8/include .sconf_temp/conftest_36.cpp
scons: Configure: yes


file /home/tsa/LSSTDevel/Linux64/sconsUtils/3.3/python/lsst/SConsUtils.py,line 484:
	Configure(confdir = .sconf_temp)
scons: Configure: Checking for C library gslcblas... 
.sconf_temp/conftest_37.c <-
  |
  |
  |
  |int
  |main() {
  |  
  |return 0;
  |}
  |
gcc -o .sconf_temp/conftest_37.o -c -g -Wall -O0 -DLSST_HAVE_TR1=1 -DLSST_LITTLE_ENDIAN=1 -I/home/tsa/LSSTDevel/Linux64/external/boost/1.37.0/include -I/home/tsa/LSSTDevel/Linux64/external/python/2.5.2/include/python2.5 -I/home/tsa/LSSTDevel/Linux64/external/python/2.5.2/include -I/home/tsa/LSSTDevel/Linux64/external/cfitsio/3006.2/include -I/home/tsa/LSSTDevel/Linux64/external/wcslib/4.2+3/include -I/home/tsa/LSSTDevel/Linux64/external/xpa/2.1.7b2/include -I/home/tsa/LSSTDevel/Linux64/external/minuit/1.7.9/include -I/home/tsa/LSSTDevel/Linux64/pex_exceptions/3.2.2/include -I/home/tsa/LSST_svn/DMS/utils/trunk/include -I/home/tsa/LSSTDevel/Linux64/daf_base/3.2.9/include -I/home/tsa/LSSTDevel/Linux64/pex_policy/3.3.5/include -I/home/tsa/LSSTDevel/Linux64/pex_logging/3.3.4/include -I/home/tsa/LSSTDevel/Linux64/security/3.2.2/include -I/home/tsa/LSSTDevel/Linux64/daf_persistence/3.3.7/include -I/home/tsa/LSSTDevel/Linux64/daf_data/3.2.3/include -I/home/tsa/LSSTDevel/Linux64/external/gsl/1.8/include .sconf_temp/conftest_37.c
gcc -o .sconf_temp/conftest_37 -Wl,-rpath-link -Wl,/home/tsa/LSSTDevel/Linux64/external/python/2.5.2/lib:/home/tsa/LSSTDevel/Linux64/afw/3.3.16/lib:/usr/local/lib:/usr/local/cuda/lib:/home/tsa/LSSTDevel/Linux64/daf_base/3.2.9/lib:/home/tsa/LSSTDevel/Linux64/external/mysqlclient/5.0.45+1/lib:/home/tsa/LSSTDevel/Linux64/pex_logging/3.3.4/lib:/home/tsa/LSSTDevel/Linux64/pex_policy/3.3.5/lib:/home/tsa/LSSTDevel/Linux64/daf_persistence/3.3.7/lib:/home/tsa/LSSTDevel/Linux64/security/3.2.2/lib:/home/tsa/LSSTDevel/Linux64/daf_data/3.2.3/lib:/home/tsa/LSSTDevel/Linux64/external/cfitsio/3006.2/lib:/home/tsa/LSSTDevel/Linux64/external/wcslib/4.2+3/lib:/home/tsa/LSSTDevel/Linux64/external/xpa/2.1.7b2/lib:/home/tsa/LSSTDevel/Linux64/external/minuit/1.7.9/lib:/home/tsa/LSSTDevel/Linux64/external/gsl/1.8/lib:/home/tsa/LSSTDevel/Linux64/external/tcltk/8.5a4/lib:/home/tsa/LSSTDevel/Linux64/external/mpich2/1.0.5p4/lib:/home/tsa/LSSTDevel/Linux64/external/boost/1.37.0/lib:/home/tsa/LSSTDevel/Linux64/pex_exceptions/3.2.2/lib:/home/tsa/LSST_svn/DMS/utils/trunk/lib:/home/tsa/LSSTDevel/Linux64/sdqa/3.0.3/lib:/home/tsa/LSSTDevel/Linux64/meas_algorithms/3.0.9/lib .sconf_temp/conftest_37.o -L/home/tsa/LSSTDevel/Linux64/external/boost/1.37.0/lib -L/home/tsa/LSSTDevel/Linux64/external/python/2.5.2/lib/python2.5/config -L/home/tsa/LSSTDevel/Linux64/external/tcltk/8.5a4/lib -L/home/tsa/LSSTDevel/Linux64/external/cfitsio/3006.2/lib -L/home/tsa/LSSTDevel/Linux64/external/wcslib/4.2+3/lib -L/home/tsa/LSSTDevel/Linux64/external/xpa/2.1.7b2/lib -L/home/tsa/LSSTDevel/Linux64/external/minuit/1.7.9/lib -L/home/tsa/LSSTDevel/Linux64/pex_exceptions/3.2.2/lib -L/home/tsa/LSST_svn/DMS/utils/trunk/lib -L/home/tsa/LSSTDevel/Linux64/daf_base/3.2.9/lib -L/home/tsa/LSSTDevel/Linux64/pex_policy/3.3.5/lib -L/home/tsa/LSSTDevel/Linux64/pex_logging/3.3.4/lib -L/home/tsa/LSSTDevel/Linux64/security/3.2.2/lib -L/home/tsa/LSSTDevel/Linux64/daf_persistence/3.3.7/lib -L/home/tsa/LSSTDevel/Linux64/daf_data/3.2.3/lib -L/home/tsa/LSSTDevel/Linux64/external/gsl/1.8/lib -lm -lgslcblas
scons: Configure: yes

scons: Configure: Checking for C library gsl... 
.sconf_temp/conftest_38.c <-
  |
  |
  |
  |int
  |main() {
  |  
  |return 0;
  |}
  |
gcc -o .sconf_temp/conftest_38.o -c -g -Wall -O0 -DLSST_HAVE_TR1=1 -DLSST_LITTLE_ENDIAN=1 -I/home/tsa/LSSTDevel/Linux64/external/boost/1.37.0/include -I/home/tsa/LSSTDevel/Linux64/external/python/2.5.2/include/python2.5 -I/home/tsa/LSSTDevel/Linux64/external/python/2.5.2/include -I/home/tsa/LSSTDevel/Linux64/external/cfitsio/3006.2/include -I/home/tsa/LSSTDevel/Linux64/external/wcslib/4.2+3/include -I/home/tsa/LSSTDevel/Linux64/external/xpa/2.1.7b2/include -I/home/tsa/LSSTDevel/Linux64/external/minuit/1.7.9/include -I/home/tsa/LSSTDevel/Linux64/pex_exceptions/3.2.2/include -I/home/tsa/LSST_svn/DMS/utils/trunk/include -I/home/tsa/LSSTDevel/Linux64/daf_base/3.2.9/include -I/home/tsa/LSSTDevel/Linux64/pex_policy/3.3.5/include -I/home/tsa/LSSTDevel/Linux64/pex_logging/3.3.4/include -I/home/tsa/LSSTDevel/Linux64/security/3.2.2/include -I/home/tsa/LSSTDevel/Linux64/daf_persistence/3.3.7/include -I/home/tsa/LSSTDevel/Linux64/daf_data/3.2.3/include -I/home/tsa/LSSTDevel/Linux64/external/gsl/1.8/include .sconf_temp/conftest_38.c
gcc -o .sconf_temp/conftest_38 -Wl,-rpath-link -Wl,/home/tsa/LSSTDevel/Linux64/external/python/2.5.2/lib:/home/tsa/LSSTDevel/Linux64/afw/3.3.16/lib:/usr/local/lib:/usr/local/cuda/lib:/home/tsa/LSSTDevel/Linux64/daf_base/3.2.9/lib:/home/tsa/LSSTDevel/Linux64/external/mysqlclient/5.0.45+1/lib:/home/tsa/LSSTDevel/Linux64/pex_logging/3.3.4/lib:/home/tsa/LSSTDevel/Linux64/pex_policy/3.3.5/lib:/home/tsa/LSSTDevel/Linux64/daf_persistence/3.3.7/lib:/home/tsa/LSSTDevel/Linux64/security/3.2.2/lib:/home/tsa/LSSTDevel/Linux64/daf_data/3.2.3/lib:/home/tsa/LSSTDevel/Linux64/external/cfitsio/3006.2/lib:/home/tsa/LSSTDevel/Linux64/external/wcslib/4.2+3/lib:/home/tsa/LSSTDevel/Linux64/external/xpa/2.1.7b2/lib:/home/tsa/LSSTDevel/Linux64/external/minuit/1.7.9/lib:/home/tsa/LSSTDevel/Linux64/external/gsl/1.8/lib:/home/tsa/LSSTDevel/Linux64/external/tcltk/8.5a4/lib:/home/tsa/LSSTDevel/Linux64/external/mpich2/1.0.5p4/lib:/home/tsa/LSSTDevel/Linux64/external/boost/1.37.0/lib:/home/tsa/LSSTDevel/Linux64/pex_exceptions/3.2.2/lib:/home/tsa/LSST_svn/DMS/utils/trunk/lib:/home/tsa/LSSTDevel/Linux64/sdqa/3.0.3/lib:/home/tsa/LSSTDevel/Linux64/meas_algorithms/3.0.9/lib .sconf_temp/conftest_38.o -L/home/tsa/LSSTDevel/Linux64/external/boost/1.37.0/lib -L/home/tsa/LSSTDevel/Linux64/external/python/2.5.2/lib/python2.5/config -L/home/tsa/LSSTDevel/Linux64/external/tcltk/8.5a4/lib -L/home/tsa/LSSTDevel/Linux64/external/cfitsio/3006.2/lib -L/home/tsa/LSSTDevel/Linux64/external/wcslib/4.2+3/lib -L/home/tsa/LSSTDevel/Linux64/external/xpa/2.1.7b2/lib -L/home/tsa/LSSTDevel/Linux64/external/minuit/1.7.9/lib -L/home/tsa/LSSTDevel/Linux64/pex_exceptions/3.2.2/lib -L/home/tsa/LSST_svn/DMS/utils/trunk/lib -L/home/tsa/LSSTDevel/Linux64/daf_base/3.2.9/lib -L/home/tsa/LSSTDevel/Linux64/pex_policy/3.3.5/lib -L/home/tsa/LSSTDevel/Linux64/pex_logging/3.3.4/lib -L/home/tsa/LSSTDevel/Linux64/security/3.2.2/lib -L/home/tsa/LSSTDevel/Linux64/daf_persistence/3.3.7/lib -L/home/tsa/LSSTDevel/Linux64/daf_data/3.2.3/lib -L/home/tsa/LSSTDevel/Linux64/external/gsl/1.8/lib -lm -lgslcblas -lgsl
scons: Configure: yes


file /home/tsa/LSSTDevel/Linux64/sconsUtils/3.3/python/lsst/SConsUtils.py,line 697:
	Configure(confdir = .sconf_temp)
scons: Configure: Checking for C++ header file lsst/afw/image/MaskedImage.h... 
.sconf_temp/conftest_39.cpp <-
  |
  |#include <lsst/afw/image/MaskedImage.h>
  |
  |
g++ -o .sconf_temp/conftest_39.o -c -g -Wall -O0 -DLSST_HAVE_TR1=1 -DLSST_LITTLE_ENDIAN=1 -I/home/tsa/LSSTDevel/Linux64/external/boost/1.37.0/include -I/home/tsa/LSSTDevel/Linux64/external/python/2.5.2/include/python2.5 -I/home/tsa/LSSTDevel/Linux64/external/python/2.5.2/include -I/home/tsa/LSSTDevel/Linux64/external/cfitsio/3006.2/include -I/home/tsa/LSSTDevel/Linux64/external/wcslib/4.2+3/include -I/home/tsa/LSSTDevel/Linux64/external/xpa/2.1.7b2/include -I/home/tsa/LSSTDevel/Linux64/external/minuit/1.7.9/include -I/home/tsa/LSSTDevel/Linux64/pex_exceptions/3.2.2/include -I/home/tsa/LSST_svn/DMS/utils/trunk/include -I/home/tsa/LSSTDevel/Linux64/daf_base/3.2.9/include -I/home/tsa/LSSTDevel/Linux64/pex_policy/3.3.5/include -I/home/tsa/LSSTDevel/Linux64/pex_logging/3.3.4/include -I/home/tsa/LSSTDevel/Linux64/security/3.2.2/include -I/home/tsa/LSSTDevel/Linux64/daf_persistence/3.3.7/include -I/home/tsa/LSSTDevel/Linux64/daf_data/3.2.3/include -I/home/tsa/LSSTDevel/Linux64/external/gsl/1.8/include -I/home/tsa/LSSTDevel/Linux64/afw/3.3.16/include .sconf_temp/conftest_39.cpp
scons: Configure: yes


file /home/tsa/LSSTDevel/Linux64/sconsUtils/3.3/python/lsst/SConsUtils.py,line 484:
	Configure(confdir = .sconf_temp)
scons: Configure: Checking for C library afw... 
.sconf_temp/conftest_40.c <-
  |
  |
  |
  |int
  |main() {
  |  
  |return 0;
  |}
  |
gcc -o .sconf_temp/conftest_40.o -c -g -Wall -O0 -DLSST_HAVE_TR1=1 -DLSST_LITTLE_ENDIAN=1 -I/home/tsa/LSSTDevel/Linux64/external/boost/1.37.0/include -I/home/tsa/LSSTDevel/Linux64/external/python/2.5.2/include/python2.5 -I/home/tsa/LSSTDevel/Linux64/external/python/2.5.2/include -I/home/tsa/LSSTDevel/Linux64/external/cfitsio/3006.2/include -I/home/tsa/LSSTDevel/Linux64/external/wcslib/4.2+3/include -I/home/tsa/LSSTDevel/Linux64/external/xpa/2.1.7b2/include -I/home/tsa/LSSTDevel/Linux64/external/minuit/1.7.9/include -I/home/tsa/LSSTDevel/Linux64/pex_exceptions/3.2.2/include -I/home/tsa/LSST_svn/DMS/utils/trunk/include -I/home/tsa/LSSTDevel/Linux64/daf_base/3.2.9/include -I/home/tsa/LSSTDevel/Linux64/pex_policy/3.3.5/include -I/home/tsa/LSSTDevel/Linux64/pex_logging/3.3.4/include -I/home/tsa/LSSTDevel/Linux64/security/3.2.2/include -I/home/tsa/LSSTDevel/Linux64/daf_persistence/3.3.7/include -I/home/tsa/LSSTDevel/Linux64/daf_data/3.2.3/include -I/home/tsa/LSSTDevel/Linux64/external/gsl/1.8/include -I/home/tsa/LSSTDevel/Linux64/afw/3.3.16/include .sconf_temp/conftest_40.c
gcc -o .sconf_temp/conftest_40 -Wl,-rpath-link -Wl,/home/tsa/LSSTDevel/Linux64/external/python/2.5.2/lib:/home/tsa/LSSTDevel/Linux64/afw/3.3.16/lib:/usr/local/lib:/usr/local/cuda/lib:/home/tsa/LSSTDevel/Linux64/daf_base/3.2.9/lib:/home/tsa/LSSTDevel/Linux64/external/mysqlclient/5.0.45+1/lib:/home/tsa/LSSTDevel/Linux64/pex_logging/3.3.4/lib:/home/tsa/LSSTDevel/Linux64/pex_policy/3.3.5/lib:/home/tsa/LSSTDevel/Linux64/daf_persistence/3.3.7/lib:/home/tsa/LSSTDevel/Linux64/security/3.2.2/lib:/home/tsa/LSSTDevel/Linux64/daf_data/3.2.3/lib:/home/tsa/LSSTDevel/Linux64/external/cfitsio/3006.2/lib:/home/tsa/LSSTDevel/Linux64/external/wcslib/4.2+3/lib:/home/tsa/LSSTDevel/Linux64/external/xpa/2.1.7b2/lib:/home/tsa/LSSTDevel/Linux64/external/minuit/1.7.9/lib:/home/tsa/LSSTDevel/Linux64/external/gsl/1.8/lib:/home/tsa/LSSTDevel/Linux64/external/tcltk/8.5a4/lib:/home/tsa/LSSTDevel/Linux64/external/mpich2/1.0.5p4/lib:/home/tsa/LSSTDevel/Linux64/external/boost/1.37.0/lib:/home/tsa/LSSTDevel/Linux64/pex_exceptions/3.2.2/lib:/home/tsa/LSST_svn/DMS/utils/trunk/lib:/home/tsa/LSSTDevel/Linux64/sdqa/3.0.3/lib:/home/tsa/LSSTDevel/Linux64/meas_algorithms/3.0.9/lib .sconf_temp/conftest_40.o -L/home/tsa/LSSTDevel/Linux64/external/boost/1.37.0/lib -L/home/tsa/LSSTDevel/Linux64/external/python/2.5.2/lib/python2.5/config -L/home/tsa/LSSTDevel/Linux64/external/tcltk/8.5a4/lib -L/home/tsa/LSSTDevel/Linux64/external/cfitsio/3006.2/lib -L/home/tsa/LSSTDevel/Linux64/external/wcslib/4.2+3/lib -L/home/tsa/LSSTDevel/Linux64/external/xpa/2.1.7b2/lib -L/home/tsa/LSSTDevel/Linux64/external/minuit/1.7.9/lib -L/home/tsa/LSSTDevel/Linux64/pex_exceptions/3.2.2/lib -L/home/tsa/LSST_svn/DMS/utils/trunk/lib -L/home/tsa/LSSTDevel/Linux64/daf_base/3.2.9/lib -L/home/tsa/LSSTDevel/Linux64/pex_policy/3.3.5/lib -L/home/tsa/LSSTDevel/Linux64/pex_logging/3.3.4/lib -L/home/tsa/LSSTDevel/Linux64/security/3.2.2/lib -L/home/tsa/LSSTDevel/Linux64/daf_persistence/3.3.7/lib -L/home/tsa/LSSTDevel/Linux64/daf_data/3.2.3/lib -L/home/tsa/LSSTDevel/Linux64/external/gsl/1.8/lib -L/home/tsa/LSSTDevel/Linux64/afw/3.3.16/lib -lm -lafw
scons: Configure: yes


file /home/tsa/LSSTDevel/Linux64/sconsUtils/3.3/python/lsst/SConsUtils.py,line 697:
	Configure(confdir = .sconf_temp)
scons: Configure: Checking for C++ header file Eigen/Core.h... 
.sconf_temp/conftest_41.cpp <-
  |
  |#include <Eigen/Core.h>
  |
  |
g++ -o .sconf_temp/conftest_41.o -c -g -Wall -O0 -DLSST_HAVE_TR1=1 -DLSST_LITTLE_ENDIAN=1 -I/home/tsa/LSSTDevel/Linux64/external/boost/1.37.0/include -I/home/tsa/LSSTDevel/Linux64/external/python/2.5.2/include/python2.5 -I/home/tsa/LSSTDevel/Linux64/external/python/2.5.2/include -I/home/tsa/LSSTDevel/Linux64/external/cfitsio/3006.2/include -I/home/tsa/LSSTDevel/Linux64/external/wcslib/4.2+3/include -I/home/tsa/LSSTDevel/Linux64/external/xpa/2.1.7b2/include -I/home/tsa/LSSTDevel/Linux64/external/minuit/1.7.9/include -I/home/tsa/LSSTDevel/Linux64/pex_exceptions/3.2.2/include -I/home/tsa/LSST_svn/DMS/utils/trunk/include -I/home/tsa/LSSTDevel/Linux64/daf_base/3.2.9/include -I/home/tsa/LSSTDevel/Linux64/pex_policy/3.3.5/include -I/home/tsa/LSSTDevel/Linux64/pex_logging/3.3.4/include -I/home/tsa/LSSTDevel/Linux64/security/3.2.2/include -I/home/tsa/LSSTDevel/Linux64/daf_persistence/3.3.7/include -I/home/tsa/LSSTDevel/Linux64/daf_data/3.2.3/include -I/home/tsa/LSSTDevel/Linux64/external/gsl/1.8/include -I/home/tsa/LSSTDevel/Linux64/afw/3.3.16/include -I/home/tsa/LSSTDevel/Linux64/external/eigen/2.0.0/include .sconf_temp/conftest_41.cpp
scons: Configure: yes


file /home/tsa/LSSTDevel/Linux64/sconsUtils/3.3/python/lsst/SConsUtils.py,line 697:
	Configure(confdir = .sconf_temp)
scons: Configure: Checking for C++ header file lsst/meas/algorithms.h... 
.sconf_temp/conftest_42.cpp <-
  |
  |#include <lsst/meas/algorithms.h>
  |
  |
g++ -o .sconf_temp/conftest_42.o -c -g -Wall -O0 -DLSST_HAVE_TR1=1 -DLSST_LITTLE_ENDIAN=1 -I/home/tsa/LSSTDevel/Linux64/external/boost/1.37.0/include -I/home/tsa/LSSTDevel/Linux64/external/python/2.5.2/include/python2.5 -I/home/tsa/LSSTDevel/Linux64/external/python/2.5.2/include -I/home/tsa/LSSTDevel/Linux64/external/cfitsio/3006.2/include -I/home/tsa/LSSTDevel/Linux64/external/wcslib/4.2+3/include -I/home/tsa/LSSTDevel/Linux64/external/xpa/2.1.7b2/include -I/home/tsa/LSSTDevel/Linux64/external/minuit/1.7.9/include -I/home/tsa/LSSTDevel/Linux64/pex_exceptions/3.2.2/include -I/home/tsa/LSST_svn/DMS/utils/trunk/include -I/home/tsa/LSSTDevel/Linux64/daf_base/3.2.9/include -I/home/tsa/LSSTDevel/Linux64/pex_policy/3.3.5/include -I/home/tsa/LSSTDevel/Linux64/pex_logging/3.3.4/include -I/home/tsa/LSSTDevel/Linux64/security/3.2.2/include -I/home/tsa/LSSTDevel/Linux64/daf_persistence/3.3.7/include -I/home/tsa/LSSTDevel/Linux64/daf_data/3.2.3/include -I/home/tsa/LSSTDevel/Linux64/external/gsl/1.8/include -I/home/tsa/LSSTDevel/Linux64/afw/3.3.16/include -I/home/tsa/LSSTDevel/Linux64/external/eigen/2.0.0/include -I/home/tsa/LSSTDevel/Linux64/meas_algorithms/3.0.9/include .sconf_temp/conftest_42.cpp
scons: Configure: yes


file /home/tsa/LSSTDevel/Linux64/sconsUtils/3.3/python/lsst/SConsUtils.py,line 484:
	Configure(confdir = .sconf_temp)
scons: Configure: Checking for C++ library meas_algorithms... 
.sconf_temp/conftest_43.cpp <-
  |
  |
  |
  |int
  |main() {
  |  
  |return 0;
  |}
  |
g++ -o .sconf_temp/conftest_43.o -c -g -Wall -O0 -DLSST_HAVE_TR1=1 -DLSST_LITTLE_ENDIAN=1 -I/home/tsa/LSSTDevel/Linux64/external/boost/1.37.0/include -I/home/tsa/LSSTDevel/Linux64/external/python/2.5.2/include/python2.5 -I/home/tsa/LSSTDevel/Linux64/external/python/2.5.2/include -I/home/tsa/LSSTDevel/Linux64/external/cfitsio/3006.2/include -I/home/tsa/LSSTDevel/Linux64/external/wcslib/4.2+3/include -I/home/tsa/LSSTDevel/Linux64/external/xpa/2.1.7b2/include -I/home/tsa/LSSTDevel/Linux64/external/minuit/1.7.9/include -I/home/tsa/LSSTDevel/Linux64/pex_exceptions/3.2.2/include -I/home/tsa/LSST_svn/DMS/utils/trunk/include -I/home/tsa/LSSTDevel/Linux64/daf_base/3.2.9/include -I/home/tsa/LSSTDevel/Linux64/pex_policy/3.3.5/include -I/home/tsa/LSSTDevel/Linux64/pex_logging/3.3.4/include -I/home/tsa/LSSTDevel/Linux64/security/3.2.2/include -I/home/tsa/LSSTDevel/Linux64/daf_persistence/3.3.7/include -I/home/tsa/LSSTDevel/Linux64/daf_data/3.2.3/include -I/home/tsa/LSSTDevel/Linux64/external/gsl/1.8/include -I/home/tsa/LSSTDevel/Linux64/afw/3.3.16/include -I/home/tsa/LSSTDevel/Linux64/external/eigen/2.0.0/include -I/home/tsa/LSSTDevel/Linux64/meas_algorithms/3.0.9/include .sconf_temp/conftest_43.cpp
g++ -o .sconf_temp/conftest_43 -Wl,-rpath-link -Wl,/home/tsa/LSSTDevel/Linux64/external/python/2.5.2/lib:/home/tsa/LSSTDevel/Linux64/afw/3.3.16/lib:/usr/local/lib:/usr/local/cuda/lib:/home/tsa/LSSTDevel/Linux64/daf_base/3.2.9/lib:/home/tsa/LSSTDevel/Linux64/external/mysqlclient/5.0.45+1/lib:/home/tsa/LSSTDevel/Linux64/pex_logging/3.3.4/lib:/home/tsa/LSSTDevel/Linux64/pex_policy/3.3.5/lib:/home/tsa/LSSTDevel/Linux64/daf_persistence/3.3.7/lib:/home/tsa/LSSTDevel/Linux64/security/3.2.2/lib:/home/tsa/LSSTDevel/Linux64/daf_data/3.2.3/lib:/home/tsa/LSSTDevel/Linux64/external/cfitsio/3006.2/lib:/home/tsa/LSSTDevel/Linux64/external/wcslib/4.2+3/lib:/home/tsa/LSSTDevel/Linux64/external/xpa/2.1.7b2/lib:/home/tsa/LSSTDevel/Linux64/external/minuit/1.7.9/lib:/home/tsa/LSSTDevel/Linux64/external/gsl/1.8/lib:/home/tsa/LSSTDevel/Linux64/external/tcltk/8.5a4/lib:/home/tsa/LSSTDevel/Linux64/external/mpich2/1.0.5p4/lib:/home/tsa/LSSTDevel/Linux64/external/boost/1.37.0/lib:/home/tsa/LSSTDevel/Linux64/pex_exceptions/3.2.2/lib:/home/tsa/LSST_svn/DMS/utils/trunk/lib:/home/tsa/LSSTDevel/Linux64/sdqa/3.0.3/lib:/home/tsa/LSSTDevel/Linux64/meas_algorithms/3.0.9/lib .sconf_temp/conftest_43.o -L/home/tsa/LSSTDevel/Linux64/external/boost/1.37.0/lib -L/home/tsa/LSSTDevel/Linux64/external/python/2.5.2/lib/python2.5/config -L/home/tsa/LSSTDevel/Linux64/external/tcltk/8.5a4/lib -L/home/tsa/LSSTDevel/Linux64/external/cfitsio/3006.2/lib -L/home/tsa/LSSTDevel/Linux64/external/wcslib/4.2+3/lib -L/home/tsa/LSSTDevel/Linux64/external/xpa/2.1.7b2/lib -L/home/tsa/LSSTDevel/Linux64/external/minuit/1.7.9/lib -L/home/tsa/LSSTDevel/Linux64/pex_exceptions/3.2.2/lib -L/home/tsa/LSST_svn/DMS/utils/trunk/lib -L/home/tsa/LSSTDevel/Linux64/daf_base/3.2.9/lib -L/home/tsa/LSSTDevel/Linux64/pex_policy/3.3.5/lib -L/home/tsa/LSSTDevel/Linux64/pex_logging/3.3.4/lib -L/home/tsa/LSSTDevel/Linux64/security/3.2.2/lib -L/home/tsa/LSSTDevel/Linux64/daf_persistence/3.3.7/lib -L/home/tsa/LSSTDevel/Linux64/daf_data/3.2.3/lib -L/home/tsa/LSSTDevel/Linux64/external/gsl/1.8/lib -L/home/tsa/LSSTDevel/Linux64/afw/3.3.16/lib -L/home/tsa/LSSTDevel/Linux64/meas_algorithms/3.0.9/lib -lm -lmeas_algorithms
scons: Configure: yes


